#
# A fatal error has been detected by the Java Runtime Environment:
#
#  SIGSEGV (0xb) at pc=0x000000010133cfd0, pid=17518, tid=3587
#
# JRE version: OpenJDK Runtime Environment Zulu16.30+19-CA (16.0.1+9) (build 16.0.1+9)
# Java VM: OpenJDK 64-Bit Server VM Zulu16.30+19-CA (16.0.1+9, mixed mode, tiered, compressed oops, compressed class ptrs, g1 gc, bsd-aarch64)
# Problematic frame:
# C  [rsession-arm64+0x868fd0]  _ZN13rstudio_boost4asio12placeholders17bytes_transferredEv+0x16ff6c
#
# No core dump will be written. Core dumps have been disabled. To enable core dumping, try "ulimit -c unlimited" before starting Java again
#
# If you would like to submit a bug report, please visit:
#   http://www.azulsystems.com/support/
#

---------------  S U M M A R Y ------------

Command Line: -Djava.awt.headless=true -Xmx768m -Dfile.encoding=UTF-8 -Xrs vfprintf exit -Xss2m 

Host: iMac21,1 arm64 1 MHz, 8 cores, 16G, Darwin 21.1.0, macOS 12.0.1 (21A559)
Time: Mon Dec 13 11:19:29 2021 JST elapsed time: 5051.471358 seconds (0d 1h 24m 11s)

---------------  T H R E A D  ---------------

Current thread is native thread

Stack: [0x000000016f4d4000,0x000000016f557000],  sp=0x000000016f556c30,  free space=523k
Native frames: (J=compiled Java code, A=aot compiled Java code, j=interpreted, Vv=VM code, C=native code)
C  [rsession-arm64+0x868fd0]  _ZN13rstudio_boost4asio12placeholders17bytes_transferredEv+0x16ff6c
C  [rsession-arm64+0x8689b4]  _ZN13rstudio_boost4asio12placeholders17bytes_transferredEv+0x16f950
C  [rsession-arm64+0x86850c]  _ZN13rstudio_boost4asio12placeholders17bytes_transferredEv+0x16f4a8
C  [rsession-arm64+0x8ac8d0]  _ZN13rstudio_boost4asio6detail24descriptor_write_op_baseINS0_15const_buffers_1EE10do_performEPNS1_10reactor_opE+0x5c60
C  [rsession-arm64+0x864384]  _ZN13rstudio_boost4asio12placeholders17bytes_transferredEv+0x16b320
C  [rsession-arm64+0x9c4334]  _ZN13rstudio_boost4asio6detail24descriptor_write_op_baseINS0_15const_buffers_1EE10do_performEPNS1_10reactor_opE+0x11d6c4
C  [libsystem_pthread.dylib+0x74ec]  _pthread_start+0x94


siginfo: si_signo: 11 (SIGSEGV), si_code: 2 (SEGV_ACCERR), si_addr: 0x0000277d12364f77

Registers:
 x0=0x0000277d12364e80  x1=0x00006000021728b0  x2=0x0000000000000000  x3=0x0000000000000000
 x4=0x0000000000000000  x5=0x0000000000000000  x6=0x0000000000000024  x7=0x00006000021728b0
 x8=0x0000277d12364680  x9=0x0000000000000008 x10=0x0000000000000000 x11=0x0000000000000000
x12=0x00000000e1e41901 x13=0x0000000061e41800 x14=0x0000000061e00000 x15=0x00000000000ff800
x16=0x000000018a570110 x17=0x00000001e493be98 x18=0x0000000000000000 x19=0x0000277d12364e80
x20=0x000000016f556d38 x21=0x00000001550b8f00 x22=0x00000001017face0 x23=0x00000001550b8c00
x24=0x0000000000000003 x25=0x0000000000000000 x26=0x000000000003d090 x27=0x0000000000000000
x28=0x00000001017fa000  fp=0x000000016f556c40  lr=0x000000010133c9b4  sp=0x000000016f556c30
pc=0x000000010133cfd0 cpsr=0x0000000060001000
Top of Stack: (sp=0x000000016f556c30)
0x000000016f556c30:   000000016f556d38 0000600003bac1c0
0x000000016f556c40:   000000016f556cd0 000000010133c9b4
0x000000016f556c50:   000000016f556d78 000000016f556f48
0x000000016f556c60:   000000016f556d40 000000016f556d18
0x000000016f556c70:   000000016f556cd0 dd2500010133c1e4
0x000000016f556c80:   0000600002ecc000 0000000000000020
0x000000016f556c90:   000000016f556cb0 0000600003bac1c0
0x000000016f556ca0:   0000000000000000 0000000000000000
0x000000016f556cb0:   000000016f556d78 000000016f556f48
0x000000016f556cc0:   000000016f556d40 000000016f556d38
0x000000016f556cd0:   000000016f556e90 000000010133c50c
0x000000016f556ce0:   000000016f556d78 000000016f556e18
0x000000016f556cf0:   000000016f556d58 0000000000000000
0x000000016f556d00:   0000000000000000 0000000101c08000
0x000000016f556d10:   0000000000000000 000000000003d090
0x000000016f556d20:   000000016f556d80 d74780018a36d3a4
0x000000016f556d30:   0000000000000000 0000000000000002
0x000000016f556d40:   0000600002eee600 0000600002eee5a0
0x000000016f556d50:   000000000000000e 0000000000000000
0x000000016f556d60:   0000000000000000 00000001e37ac000
0x000000016f556d70:   9d68209db5b70042 0000000000000000
0x000000016f556d80:   0000000000000000 9d68209db5b70042
0x000000016f556d90:   0000000000000003 0000000000000000
0x000000016f556da0:   0000000000000000 0000000000000003
0x000000016f556db0:   0000000000000000 0000000000000000
0x000000016f556dc0:   0000000000000000 00006000015bc750
0x000000016f556dd0:   00006000012a3d10 0000000000000000
0x000000016f556de0:   000000016f556e90 936080018a622724
0x000000016f556df0:   00000001e3e98000 0000000000000000
0x000000016f556e00:   000000016f556e30 c05180018a5a54f0
0x000000016f556e10:   000000018a6557ac 00006000021728b0
0x000000016f556e20:   0000000000000024 8000000000000030 

Instructions: (pc=0x000000010133cfd0)
0x000000010133ced0:   d10103ff a9024ff4 a9037bfd 9100c3fd
0x000000010133cee0:   aa0003f3 f90003ff f9400028 b40001e8
0x000000010133cef0:   f90003e8 37000128 927ff908 f9400108
0x000000010133cf00:   91002020 910003e9 91002121 52800002
0x000000010133cf10:   d63f0100 14000005 3cc08020 f9400c28
0x000000010133cf20:   f9000fe8 3c8083e0 910003e0 aa1303e1
0x000000010133cf30:   97e97de0 f94003e8 b4000168 37000128
0x000000010133cf40:   927ff908 f9400108 b40000c8 910003e9
0x000000010133cf50:   91002120 aa0003e1 52800042 d63f0100
0x000000010133cf60:   f90003ff aa1303e0 a9437bfd a9424ff4
0x000000010133cf70:   910103ff d65f03c0 97de8495 aa0003f3
0x000000010133cf80:   f94003e8 b4000168 37000128 927ff908
0x000000010133cf90:   f9400108 b40000c8 910003e9 91002120
0x000000010133cfa0:   aa0003e1 52800042 d63f0100 f90003ff
0x000000010133cfb0:   aa1303e0 9408e3e0 d4200020 97de8484
0x000000010133cfc0:   a9be4ff4 a9017bfd 910043fd aa0003f3
0x000000010133cfd0:   39c3dc08 36f80068 f9407260 9408e62b
0x000000010133cfe0:   91010260 97e5d872 f9401268 b4000148
0x000000010133cff0:   37000108 927ff908 f9400108 b40000a8
0x000000010133d000:   9100a260 aa0003e1 52800042 d63f0100
0x000000010133d010:   f900127f f9400a73 b40000b3 91002268
0x000000010133d020:   92800009 f8e90108 b4000088 a9417bfd
0x000000010133d030:   a8c24ff4 d65f03c0 f9400268 f9400908
0x000000010133d040:   aa1303e0 d63f0100 aa1303e0 a9417bfd
0x000000010133d050:   a8c24ff4 1408e574 97de845d d10203ff
0x000000010133d060:   a90557f6 a9064ff4 a9077bfd 9101c3fd
0x000000010133d070:   aa0103f5 aa0003f3 f9400414 aa1403e0
0x000000010133d080:   97decc91 a942a668 eb08012a d37ced4a
0x000000010133d090:   d100054a 9a8a03eb a944326a 8b0a018a
0x000000010133d0a0:   eb0a017f 540000c1 91008260 94000186
0x000000010133d0b0:   a9442a6b a942a668 8b0a016a eb08013f
0x000000010133d0c0:   540000e0 d344fd49 927de129 f8696908 



---------------  P R O C E S S  ---------------

VM state: not at safepoint (normal execution)

VM Mutex/Monitor currently owned by a thread: None

Heap address: 0x0000000790000000, size: 768 MB, Compressed Oops mode: Zero based, Oop shift amount: 3

Compressed class space mapped at: 0x0000000300000000-0x0000000340000000, reserved size: 1073741824
Narrow klass base: 0x0000000000000000, Narrow klass shift: 3, Narrow klass range: 0x340000000

GC Precious Log:
<Skipped>

Heap:
 garbage-first heap   total 262144K, used 1497K [0x0000000790000000, 0x00000007c0000000)
  region size 1024K, 2 young (2048K), 0 survivors (0K)
 Metaspace       used 3745K, committed 3904K, reserved 1056768K
  class space    used 307K, committed 384K, reserved 1048576K

Heap Regions: E=young(eden), S=young(survivor), O=old, HS=humongous(starts), HC=humongous(continues), CS=collection set, F=free, OA=open archive, CA=closed archive, TAMS=top-at-mark-start (previous, next)
|   0|0x0000000790000000, 0x0000000790000000, 0x0000000790100000|  0%| F|  |TAMS 0x0000000790000000, 0x0000000790000000| Untracked 
|   1|0x0000000790100000, 0x0000000790100000, 0x0000000790200000|  0%| F|  |TAMS 0x0000000790100000, 0x0000000790100000| Untracked 
|   2|0x0000000790200000, 0x0000000790200000, 0x0000000790300000|  0%| F|  |TAMS 0x0000000790200000, 0x0000000790200000| Untracked 
|   3|0x0000000790300000, 0x0000000790300000, 0x0000000790400000|  0%| F|  |TAMS 0x0000000790300000, 0x0000000790300000| Untracked 
|   4|0x0000000790400000, 0x0000000790400000, 0x0000000790500000|  0%| F|  |TAMS 0x0000000790400000, 0x0000000790400000| Untracked 
|   5|0x0000000790500000, 0x0000000790500000, 0x0000000790600000|  0%| F|  |TAMS 0x0000000790500000, 0x0000000790500000| Untracked 
|   6|0x0000000790600000, 0x0000000790600000, 0x0000000790700000|  0%| F|  |TAMS 0x0000000790600000, 0x0000000790600000| Untracked 
|   7|0x0000000790700000, 0x0000000790700000, 0x0000000790800000|  0%| F|  |TAMS 0x0000000790700000, 0x0000000790700000| Untracked 
|   8|0x0000000790800000, 0x0000000790800000, 0x0000000790900000|  0%| F|  |TAMS 0x0000000790800000, 0x0000000790800000| Untracked 
|   9|0x0000000790900000, 0x0000000790900000, 0x0000000790a00000|  0%| F|  |TAMS 0x0000000790900000, 0x0000000790900000| Untracked 
|  10|0x0000000790a00000, 0x0000000790a00000, 0x0000000790b00000|  0%| F|  |TAMS 0x0000000790a00000, 0x0000000790a00000| Untracked 
|  11|0x0000000790b00000, 0x0000000790b00000, 0x0000000790c00000|  0%| F|  |TAMS 0x0000000790b00000, 0x0000000790b00000| Untracked 
|  12|0x0000000790c00000, 0x0000000790c00000, 0x0000000790d00000|  0%| F|  |TAMS 0x0000000790c00000, 0x0000000790c00000| Untracked 
|  13|0x0000000790d00000, 0x0000000790d00000, 0x0000000790e00000|  0%| F|  |TAMS 0x0000000790d00000, 0x0000000790d00000| Untracked 
|  14|0x0000000790e00000, 0x0000000790e00000, 0x0000000790f00000|  0%| F|  |TAMS 0x0000000790e00000, 0x0000000790e00000| Untracked 
|  15|0x0000000790f00000, 0x0000000790f00000, 0x0000000791000000|  0%| F|  |TAMS 0x0000000790f00000, 0x0000000790f00000| Untracked 
|  16|0x0000000791000000, 0x0000000791000000, 0x0000000791100000|  0%| F|  |TAMS 0x0000000791000000, 0x0000000791000000| Untracked 
|  17|0x0000000791100000, 0x0000000791100000, 0x0000000791200000|  0%| F|  |TAMS 0x0000000791100000, 0x0000000791100000| Untracked 
|  18|0x0000000791200000, 0x0000000791200000, 0x0000000791300000|  0%| F|  |TAMS 0x0000000791200000, 0x0000000791200000| Untracked 
|  19|0x0000000791300000, 0x0000000791300000, 0x0000000791400000|  0%| F|  |TAMS 0x0000000791300000, 0x0000000791300000| Untracked 
|  20|0x0000000791400000, 0x0000000791400000, 0x0000000791500000|  0%| F|  |TAMS 0x0000000791400000, 0x0000000791400000| Untracked 
|  21|0x0000000791500000, 0x0000000791500000, 0x0000000791600000|  0%| F|  |TAMS 0x0000000791500000, 0x0000000791500000| Untracked 
|  22|0x0000000791600000, 0x0000000791600000, 0x0000000791700000|  0%| F|  |TAMS 0x0000000791600000, 0x0000000791600000| Untracked 
|  23|0x0000000791700000, 0x0000000791700000, 0x0000000791800000|  0%| F|  |TAMS 0x0000000791700000, 0x0000000791700000| Untracked 
|  24|0x0000000791800000, 0x0000000791800000, 0x0000000791900000|  0%| F|  |TAMS 0x0000000791800000, 0x0000000791800000| Untracked 
|  25|0x0000000791900000, 0x0000000791900000, 0x0000000791a00000|  0%| F|  |TAMS 0x0000000791900000, 0x0000000791900000| Untracked 
|  26|0x0000000791a00000, 0x0000000791a00000, 0x0000000791b00000|  0%| F|  |TAMS 0x0000000791a00000, 0x0000000791a00000| Untracked 
|  27|0x0000000791b00000, 0x0000000791b00000, 0x0000000791c00000|  0%| F|  |TAMS 0x0000000791b00000, 0x0000000791b00000| Untracked 
|  28|0x0000000791c00000, 0x0000000791c00000, 0x0000000791d00000|  0%| F|  |TAMS 0x0000000791c00000, 0x0000000791c00000| Untracked 
|  29|0x0000000791d00000, 0x0000000791d00000, 0x0000000791e00000|  0%| F|  |TAMS 0x0000000791d00000, 0x0000000791d00000| Untracked 
|  30|0x0000000791e00000, 0x0000000791e00000, 0x0000000791f00000|  0%| F|  |TAMS 0x0000000791e00000, 0x0000000791e00000| Untracked 
|  31|0x0000000791f00000, 0x0000000791f00000, 0x0000000792000000|  0%| F|  |TAMS 0x0000000791f00000, 0x0000000791f00000| Untracked 
|  32|0x0000000792000000, 0x0000000792000000, 0x0000000792100000|  0%| F|  |TAMS 0x0000000792000000, 0x0000000792000000| Untracked 
|  33|0x0000000792100000, 0x0000000792100000, 0x0000000792200000|  0%| F|  |TAMS 0x0000000792100000, 0x0000000792100000| Untracked 
|  34|0x0000000792200000, 0x0000000792200000, 0x0000000792300000|  0%| F|  |TAMS 0x0000000792200000, 0x0000000792200000| Untracked 
|  35|0x0000000792300000, 0x0000000792300000, 0x0000000792400000|  0%| F|  |TAMS 0x0000000792300000, 0x0000000792300000| Untracked 
|  36|0x0000000792400000, 0x0000000792400000, 0x0000000792500000|  0%| F|  |TAMS 0x0000000792400000, 0x0000000792400000| Untracked 
|  37|0x0000000792500000, 0x0000000792500000, 0x0000000792600000|  0%| F|  |TAMS 0x0000000792500000, 0x0000000792500000| Untracked 
|  38|0x0000000792600000, 0x0000000792600000, 0x0000000792700000|  0%| F|  |TAMS 0x0000000792600000, 0x0000000792600000| Untracked 
|  39|0x0000000792700000, 0x0000000792700000, 0x0000000792800000|  0%| F|  |TAMS 0x0000000792700000, 0x0000000792700000| Untracked 
|  40|0x0000000792800000, 0x0000000792800000, 0x0000000792900000|  0%| F|  |TAMS 0x0000000792800000, 0x0000000792800000| Untracked 
|  41|0x0000000792900000, 0x0000000792900000, 0x0000000792a00000|  0%| F|  |TAMS 0x0000000792900000, 0x0000000792900000| Untracked 
|  42|0x0000000792a00000, 0x0000000792a00000, 0x0000000792b00000|  0%| F|  |TAMS 0x0000000792a00000, 0x0000000792a00000| Untracked 
|  43|0x0000000792b00000, 0x0000000792b00000, 0x0000000792c00000|  0%| F|  |TAMS 0x0000000792b00000, 0x0000000792b00000| Untracked 
|  44|0x0000000792c00000, 0x0000000792c00000, 0x0000000792d00000|  0%| F|  |TAMS 0x0000000792c00000, 0x0000000792c00000| Untracked 
|  45|0x0000000792d00000, 0x0000000792d00000, 0x0000000792e00000|  0%| F|  |TAMS 0x0000000792d00000, 0x0000000792d00000| Untracked 
|  46|0x0000000792e00000, 0x0000000792e00000, 0x0000000792f00000|  0%| F|  |TAMS 0x0000000792e00000, 0x0000000792e00000| Untracked 
|  47|0x0000000792f00000, 0x0000000792f00000, 0x0000000793000000|  0%| F|  |TAMS 0x0000000792f00000, 0x0000000792f00000| Untracked 
|  48|0x0000000793000000, 0x0000000793000000, 0x0000000793100000|  0%| F|  |TAMS 0x0000000793000000, 0x0000000793000000| Untracked 
|  49|0x0000000793100000, 0x0000000793100000, 0x0000000793200000|  0%| F|  |TAMS 0x0000000793100000, 0x0000000793100000| Untracked 
|  50|0x0000000793200000, 0x0000000793200000, 0x0000000793300000|  0%| F|  |TAMS 0x0000000793200000, 0x0000000793200000| Untracked 
|  51|0x0000000793300000, 0x0000000793300000, 0x0000000793400000|  0%| F|  |TAMS 0x0000000793300000, 0x0000000793300000| Untracked 
|  52|0x0000000793400000, 0x0000000793400000, 0x0000000793500000|  0%| F|  |TAMS 0x0000000793400000, 0x0000000793400000| Untracked 
|  53|0x0000000793500000, 0x0000000793500000, 0x0000000793600000|  0%| F|  |TAMS 0x0000000793500000, 0x0000000793500000| Untracked 
|  54|0x0000000793600000, 0x0000000793600000, 0x0000000793700000|  0%| F|  |TAMS 0x0000000793600000, 0x0000000793600000| Untracked 
|  55|0x0000000793700000, 0x0000000793700000, 0x0000000793800000|  0%| F|  |TAMS 0x0000000793700000, 0x0000000793700000| Untracked 
|  56|0x0000000793800000, 0x0000000793800000, 0x0000000793900000|  0%| F|  |TAMS 0x0000000793800000, 0x0000000793800000| Untracked 
|  57|0x0000000793900000, 0x0000000793900000, 0x0000000793a00000|  0%| F|  |TAMS 0x0000000793900000, 0x0000000793900000| Untracked 
|  58|0x0000000793a00000, 0x0000000793a00000, 0x0000000793b00000|  0%| F|  |TAMS 0x0000000793a00000, 0x0000000793a00000| Untracked 
|  59|0x0000000793b00000, 0x0000000793b00000, 0x0000000793c00000|  0%| F|  |TAMS 0x0000000793b00000, 0x0000000793b00000| Untracked 
|  60|0x0000000793c00000, 0x0000000793c00000, 0x0000000793d00000|  0%| F|  |TAMS 0x0000000793c00000, 0x0000000793c00000| Untracked 
|  61|0x0000000793d00000, 0x0000000793d00000, 0x0000000793e00000|  0%| F|  |TAMS 0x0000000793d00000, 0x0000000793d00000| Untracked 
|  62|0x0000000793e00000, 0x0000000793e00000, 0x0000000793f00000|  0%| F|  |TAMS 0x0000000793e00000, 0x0000000793e00000| Untracked 
|  63|0x0000000793f00000, 0x0000000793f00000, 0x0000000794000000|  0%| F|  |TAMS 0x0000000793f00000, 0x0000000793f00000| Untracked 
|  64|0x0000000794000000, 0x0000000794000000, 0x0000000794100000|  0%| F|  |TAMS 0x0000000794000000, 0x0000000794000000| Untracked 
|  65|0x0000000794100000, 0x0000000794100000, 0x0000000794200000|  0%| F|  |TAMS 0x0000000794100000, 0x0000000794100000| Untracked 
|  66|0x0000000794200000, 0x0000000794200000, 0x0000000794300000|  0%| F|  |TAMS 0x0000000794200000, 0x0000000794200000| Untracked 
|  67|0x0000000794300000, 0x0000000794300000, 0x0000000794400000|  0%| F|  |TAMS 0x0000000794300000, 0x0000000794300000| Untracked 
|  68|0x0000000794400000, 0x0000000794400000, 0x0000000794500000|  0%| F|  |TAMS 0x0000000794400000, 0x0000000794400000| Untracked 
|  69|0x0000000794500000, 0x0000000794500000, 0x0000000794600000|  0%| F|  |TAMS 0x0000000794500000, 0x0000000794500000| Untracked 
|  70|0x0000000794600000, 0x0000000794600000, 0x0000000794700000|  0%| F|  |TAMS 0x0000000794600000, 0x0000000794600000| Untracked 
|  71|0x0000000794700000, 0x0000000794700000, 0x0000000794800000|  0%| F|  |TAMS 0x0000000794700000, 0x0000000794700000| Untracked 
|  72|0x0000000794800000, 0x0000000794800000, 0x0000000794900000|  0%| F|  |TAMS 0x0000000794800000, 0x0000000794800000| Untracked 
|  73|0x0000000794900000, 0x0000000794900000, 0x0000000794a00000|  0%| F|  |TAMS 0x0000000794900000, 0x0000000794900000| Untracked 
|  74|0x0000000794a00000, 0x0000000794a00000, 0x0000000794b00000|  0%| F|  |TAMS 0x0000000794a00000, 0x0000000794a00000| Untracked 
|  75|0x0000000794b00000, 0x0000000794b00000, 0x0000000794c00000|  0%| F|  |TAMS 0x0000000794b00000, 0x0000000794b00000| Untracked 
|  76|0x0000000794c00000, 0x0000000794c00000, 0x0000000794d00000|  0%| F|  |TAMS 0x0000000794c00000, 0x0000000794c00000| Untracked 
|  77|0x0000000794d00000, 0x0000000794d00000, 0x0000000794e00000|  0%| F|  |TAMS 0x0000000794d00000, 0x0000000794d00000| Untracked 
|  78|0x0000000794e00000, 0x0000000794e00000, 0x0000000794f00000|  0%| F|  |TAMS 0x0000000794e00000, 0x0000000794e00000| Untracked 
|  79|0x0000000794f00000, 0x0000000794f00000, 0x0000000795000000|  0%| F|  |TAMS 0x0000000794f00000, 0x0000000794f00000| Untracked 
|  80|0x0000000795000000, 0x0000000795000000, 0x0000000795100000|  0%| F|  |TAMS 0x0000000795000000, 0x0000000795000000| Untracked 
|  81|0x0000000795100000, 0x0000000795100000, 0x0000000795200000|  0%| F|  |TAMS 0x0000000795100000, 0x0000000795100000| Untracked 
|  82|0x0000000795200000, 0x0000000795200000, 0x0000000795300000|  0%| F|  |TAMS 0x0000000795200000, 0x0000000795200000| Untracked 
|  83|0x0000000795300000, 0x0000000795300000, 0x0000000795400000|  0%| F|  |TAMS 0x0000000795300000, 0x0000000795300000| Untracked 
|  84|0x0000000795400000, 0x0000000795400000, 0x0000000795500000|  0%| F|  |TAMS 0x0000000795400000, 0x0000000795400000| Untracked 
|  85|0x0000000795500000, 0x0000000795500000, 0x0000000795600000|  0%| F|  |TAMS 0x0000000795500000, 0x0000000795500000| Untracked 
|  86|0x0000000795600000, 0x0000000795600000, 0x0000000795700000|  0%| F|  |TAMS 0x0000000795600000, 0x0000000795600000| Untracked 
|  87|0x0000000795700000, 0x0000000795700000, 0x0000000795800000|  0%| F|  |TAMS 0x0000000795700000, 0x0000000795700000| Untracked 
|  88|0x0000000795800000, 0x0000000795800000, 0x0000000795900000|  0%| F|  |TAMS 0x0000000795800000, 0x0000000795800000| Untracked 
|  89|0x0000000795900000, 0x0000000795900000, 0x0000000795a00000|  0%| F|  |TAMS 0x0000000795900000, 0x0000000795900000| Untracked 
|  90|0x0000000795a00000, 0x0000000795a00000, 0x0000000795b00000|  0%| F|  |TAMS 0x0000000795a00000, 0x0000000795a00000| Untracked 
|  91|0x0000000795b00000, 0x0000000795b00000, 0x0000000795c00000|  0%| F|  |TAMS 0x0000000795b00000, 0x0000000795b00000| Untracked 
|  92|0x0000000795c00000, 0x0000000795c00000, 0x0000000795d00000|  0%| F|  |TAMS 0x0000000795c00000, 0x0000000795c00000| Untracked 
|  93|0x0000000795d00000, 0x0000000795d00000, 0x0000000795e00000|  0%| F|  |TAMS 0x0000000795d00000, 0x0000000795d00000| Untracked 
|  94|0x0000000795e00000, 0x0000000795e00000, 0x0000000795f00000|  0%| F|  |TAMS 0x0000000795e00000, 0x0000000795e00000| Untracked 
|  95|0x0000000795f00000, 0x0000000795f00000, 0x0000000796000000|  0%| F|  |TAMS 0x0000000795f00000, 0x0000000795f00000| Untracked 
|  96|0x0000000796000000, 0x0000000796000000, 0x0000000796100000|  0%| F|  |TAMS 0x0000000796000000, 0x0000000796000000| Untracked 
|  97|0x0000000796100000, 0x0000000796100000, 0x0000000796200000|  0%| F|  |TAMS 0x0000000796100000, 0x0000000796100000| Untracked 
|  98|0x0000000796200000, 0x0000000796200000, 0x0000000796300000|  0%| F|  |TAMS 0x0000000796200000, 0x0000000796200000| Untracked 
|  99|0x0000000796300000, 0x0000000796300000, 0x0000000796400000|  0%| F|  |TAMS 0x0000000796300000, 0x0000000796300000| Untracked 
| 100|0x0000000796400000, 0x0000000796400000, 0x0000000796500000|  0%| F|  |TAMS 0x0000000796400000, 0x0000000796400000| Untracked 
| 101|0x0000000796500000, 0x0000000796500000, 0x0000000796600000|  0%| F|  |TAMS 0x0000000796500000, 0x0000000796500000| Untracked 
| 102|0x0000000796600000, 0x0000000796600000, 0x0000000796700000|  0%| F|  |TAMS 0x0000000796600000, 0x0000000796600000| Untracked 
| 103|0x0000000796700000, 0x0000000796700000, 0x0000000796800000|  0%| F|  |TAMS 0x0000000796700000, 0x0000000796700000| Untracked 
| 104|0x0000000796800000, 0x0000000796800000, 0x0000000796900000|  0%| F|  |TAMS 0x0000000796800000, 0x0000000796800000| Untracked 
| 105|0x0000000796900000, 0x0000000796900000, 0x0000000796a00000|  0%| F|  |TAMS 0x0000000796900000, 0x0000000796900000| Untracked 
| 106|0x0000000796a00000, 0x0000000796a00000, 0x0000000796b00000|  0%| F|  |TAMS 0x0000000796a00000, 0x0000000796a00000| Untracked 
| 107|0x0000000796b00000, 0x0000000796b00000, 0x0000000796c00000|  0%| F|  |TAMS 0x0000000796b00000, 0x0000000796b00000| Untracked 
| 108|0x0000000796c00000, 0x0000000796c00000, 0x0000000796d00000|  0%| F|  |TAMS 0x0000000796c00000, 0x0000000796c00000| Untracked 
| 109|0x0000000796d00000, 0x0000000796d00000, 0x0000000796e00000|  0%| F|  |TAMS 0x0000000796d00000, 0x0000000796d00000| Untracked 
| 110|0x0000000796e00000, 0x0000000796e00000, 0x0000000796f00000|  0%| F|  |TAMS 0x0000000796e00000, 0x0000000796e00000| Untracked 
| 111|0x0000000796f00000, 0x0000000796f00000, 0x0000000797000000|  0%| F|  |TAMS 0x0000000796f00000, 0x0000000796f00000| Untracked 
| 112|0x0000000797000000, 0x0000000797000000, 0x0000000797100000|  0%| F|  |TAMS 0x0000000797000000, 0x0000000797000000| Untracked 
| 113|0x0000000797100000, 0x0000000797100000, 0x0000000797200000|  0%| F|  |TAMS 0x0000000797100000, 0x0000000797100000| Untracked 
| 114|0x0000000797200000, 0x0000000797200000, 0x0000000797300000|  0%| F|  |TAMS 0x0000000797200000, 0x0000000797200000| Untracked 
| 115|0x0000000797300000, 0x0000000797300000, 0x0000000797400000|  0%| F|  |TAMS 0x0000000797300000, 0x0000000797300000| Untracked 
| 116|0x0000000797400000, 0x0000000797400000, 0x0000000797500000|  0%| F|  |TAMS 0x0000000797400000, 0x0000000797400000| Untracked 
| 117|0x0000000797500000, 0x0000000797500000, 0x0000000797600000|  0%| F|  |TAMS 0x0000000797500000, 0x0000000797500000| Untracked 
| 118|0x0000000797600000, 0x0000000797600000, 0x0000000797700000|  0%| F|  |TAMS 0x0000000797600000, 0x0000000797600000| Untracked 
| 119|0x0000000797700000, 0x0000000797700000, 0x0000000797800000|  0%| F|  |TAMS 0x0000000797700000, 0x0000000797700000| Untracked 
| 120|0x0000000797800000, 0x0000000797800000, 0x0000000797900000|  0%| F|  |TAMS 0x0000000797800000, 0x0000000797800000| Untracked 
| 121|0x0000000797900000, 0x0000000797900000, 0x0000000797a00000|  0%| F|  |TAMS 0x0000000797900000, 0x0000000797900000| Untracked 
| 122|0x0000000797a00000, 0x0000000797a00000, 0x0000000797b00000|  0%| F|  |TAMS 0x0000000797a00000, 0x0000000797a00000| Untracked 
| 123|0x0000000797b00000, 0x0000000797b00000, 0x0000000797c00000|  0%| F|  |TAMS 0x0000000797b00000, 0x0000000797b00000| Untracked 
| 124|0x0000000797c00000, 0x0000000797c00000, 0x0000000797d00000|  0%| F|  |TAMS 0x0000000797c00000, 0x0000000797c00000| Untracked 
| 125|0x0000000797d00000, 0x0000000797d00000, 0x0000000797e00000|  0%| F|  |TAMS 0x0000000797d00000, 0x0000000797d00000| Untracked 
| 126|0x0000000797e00000, 0x0000000797e00000, 0x0000000797f00000|  0%| F|  |TAMS 0x0000000797e00000, 0x0000000797e00000| Untracked 
| 127|0x0000000797f00000, 0x0000000797f00000, 0x0000000798000000|  0%| F|  |TAMS 0x0000000797f00000, 0x0000000797f00000| Untracked 
| 128|0x0000000798000000, 0x0000000798000000, 0x0000000798100000|  0%| F|  |TAMS 0x0000000798000000, 0x0000000798000000| Untracked 
| 129|0x0000000798100000, 0x0000000798100000, 0x0000000798200000|  0%| F|  |TAMS 0x0000000798100000, 0x0000000798100000| Untracked 
| 130|0x0000000798200000, 0x0000000798200000, 0x0000000798300000|  0%| F|  |TAMS 0x0000000798200000, 0x0000000798200000| Untracked 
| 131|0x0000000798300000, 0x0000000798300000, 0x0000000798400000|  0%| F|  |TAMS 0x0000000798300000, 0x0000000798300000| Untracked 
| 132|0x0000000798400000, 0x0000000798400000, 0x0000000798500000|  0%| F|  |TAMS 0x0000000798400000, 0x0000000798400000| Untracked 
| 133|0x0000000798500000, 0x0000000798500000, 0x0000000798600000|  0%| F|  |TAMS 0x0000000798500000, 0x0000000798500000| Untracked 
| 134|0x0000000798600000, 0x0000000798600000, 0x0000000798700000|  0%| F|  |TAMS 0x0000000798600000, 0x0000000798600000| Untracked 
| 135|0x0000000798700000, 0x0000000798700000, 0x0000000798800000|  0%| F|  |TAMS 0x0000000798700000, 0x0000000798700000| Untracked 
| 136|0x0000000798800000, 0x0000000798800000, 0x0000000798900000|  0%| F|  |TAMS 0x0000000798800000, 0x0000000798800000| Untracked 
| 137|0x0000000798900000, 0x0000000798900000, 0x0000000798a00000|  0%| F|  |TAMS 0x0000000798900000, 0x0000000798900000| Untracked 
| 138|0x0000000798a00000, 0x0000000798a00000, 0x0000000798b00000|  0%| F|  |TAMS 0x0000000798a00000, 0x0000000798a00000| Untracked 
| 139|0x0000000798b00000, 0x0000000798b00000, 0x0000000798c00000|  0%| F|  |TAMS 0x0000000798b00000, 0x0000000798b00000| Untracked 
| 140|0x0000000798c00000, 0x0000000798c00000, 0x0000000798d00000|  0%| F|  |TAMS 0x0000000798c00000, 0x0000000798c00000| Untracked 
| 141|0x0000000798d00000, 0x0000000798d00000, 0x0000000798e00000|  0%| F|  |TAMS 0x0000000798d00000, 0x0000000798d00000| Untracked 
| 142|0x0000000798e00000, 0x0000000798e00000, 0x0000000798f00000|  0%| F|  |TAMS 0x0000000798e00000, 0x0000000798e00000| Untracked 
| 143|0x0000000798f00000, 0x0000000798f00000, 0x0000000799000000|  0%| F|  |TAMS 0x0000000798f00000, 0x0000000798f00000| Untracked 
| 144|0x0000000799000000, 0x0000000799000000, 0x0000000799100000|  0%| F|  |TAMS 0x0000000799000000, 0x0000000799000000| Untracked 
| 145|0x0000000799100000, 0x0000000799100000, 0x0000000799200000|  0%| F|  |TAMS 0x0000000799100000, 0x0000000799100000| Untracked 
| 146|0x0000000799200000, 0x0000000799200000, 0x0000000799300000|  0%| F|  |TAMS 0x0000000799200000, 0x0000000799200000| Untracked 
| 147|0x0000000799300000, 0x0000000799300000, 0x0000000799400000|  0%| F|  |TAMS 0x0000000799300000, 0x0000000799300000| Untracked 
| 148|0x0000000799400000, 0x0000000799400000, 0x0000000799500000|  0%| F|  |TAMS 0x0000000799400000, 0x0000000799400000| Untracked 
| 149|0x0000000799500000, 0x0000000799500000, 0x0000000799600000|  0%| F|  |TAMS 0x0000000799500000, 0x0000000799500000| Untracked 
| 150|0x0000000799600000, 0x0000000799600000, 0x0000000799700000|  0%| F|  |TAMS 0x0000000799600000, 0x0000000799600000| Untracked 
| 151|0x0000000799700000, 0x0000000799700000, 0x0000000799800000|  0%| F|  |TAMS 0x0000000799700000, 0x0000000799700000| Untracked 
| 152|0x0000000799800000, 0x0000000799800000, 0x0000000799900000|  0%| F|  |TAMS 0x0000000799800000, 0x0000000799800000| Untracked 
| 153|0x0000000799900000, 0x0000000799900000, 0x0000000799a00000|  0%| F|  |TAMS 0x0000000799900000, 0x0000000799900000| Untracked 
| 154|0x0000000799a00000, 0x0000000799a00000, 0x0000000799b00000|  0%| F|  |TAMS 0x0000000799a00000, 0x0000000799a00000| Untracked 
| 155|0x0000000799b00000, 0x0000000799b00000, 0x0000000799c00000|  0%| F|  |TAMS 0x0000000799b00000, 0x0000000799b00000| Untracked 
| 156|0x0000000799c00000, 0x0000000799c00000, 0x0000000799d00000|  0%| F|  |TAMS 0x0000000799c00000, 0x0000000799c00000| Untracked 
| 157|0x0000000799d00000, 0x0000000799d00000, 0x0000000799e00000|  0%| F|  |TAMS 0x0000000799d00000, 0x0000000799d00000| Untracked 
| 158|0x0000000799e00000, 0x0000000799e00000, 0x0000000799f00000|  0%| F|  |TAMS 0x0000000799e00000, 0x0000000799e00000| Untracked 
| 159|0x0000000799f00000, 0x0000000799f00000, 0x000000079a000000|  0%| F|  |TAMS 0x0000000799f00000, 0x0000000799f00000| Untracked 
| 160|0x000000079a000000, 0x000000079a000000, 0x000000079a100000|  0%| F|  |TAMS 0x000000079a000000, 0x000000079a000000| Untracked 
| 161|0x000000079a100000, 0x000000079a100000, 0x000000079a200000|  0%| F|  |TAMS 0x000000079a100000, 0x000000079a100000| Untracked 
| 162|0x000000079a200000, 0x000000079a200000, 0x000000079a300000|  0%| F|  |TAMS 0x000000079a200000, 0x000000079a200000| Untracked 
| 163|0x000000079a300000, 0x000000079a300000, 0x000000079a400000|  0%| F|  |TAMS 0x000000079a300000, 0x000000079a300000| Untracked 
| 164|0x000000079a400000, 0x000000079a400000, 0x000000079a500000|  0%| F|  |TAMS 0x000000079a400000, 0x000000079a400000| Untracked 
| 165|0x000000079a500000, 0x000000079a500000, 0x000000079a600000|  0%| F|  |TAMS 0x000000079a500000, 0x000000079a500000| Untracked 
| 166|0x000000079a600000, 0x000000079a600000, 0x000000079a700000|  0%| F|  |TAMS 0x000000079a600000, 0x000000079a600000| Untracked 
| 167|0x000000079a700000, 0x000000079a700000, 0x000000079a800000|  0%| F|  |TAMS 0x000000079a700000, 0x000000079a700000| Untracked 
| 168|0x000000079a800000, 0x000000079a800000, 0x000000079a900000|  0%| F|  |TAMS 0x000000079a800000, 0x000000079a800000| Untracked 
| 169|0x000000079a900000, 0x000000079a900000, 0x000000079aa00000|  0%| F|  |TAMS 0x000000079a900000, 0x000000079a900000| Untracked 
| 170|0x000000079aa00000, 0x000000079aa00000, 0x000000079ab00000|  0%| F|  |TAMS 0x000000079aa00000, 0x000000079aa00000| Untracked 
| 171|0x000000079ab00000, 0x000000079ab00000, 0x000000079ac00000|  0%| F|  |TAMS 0x000000079ab00000, 0x000000079ab00000| Untracked 
| 172|0x000000079ac00000, 0x000000079ac00000, 0x000000079ad00000|  0%| F|  |TAMS 0x000000079ac00000, 0x000000079ac00000| Untracked 
| 173|0x000000079ad00000, 0x000000079ad00000, 0x000000079ae00000|  0%| F|  |TAMS 0x000000079ad00000, 0x000000079ad00000| Untracked 
| 174|0x000000079ae00000, 0x000000079ae00000, 0x000000079af00000|  0%| F|  |TAMS 0x000000079ae00000, 0x000000079ae00000| Untracked 
| 175|0x000000079af00000, 0x000000079af00000, 0x000000079b000000|  0%| F|  |TAMS 0x000000079af00000, 0x000000079af00000| Untracked 
| 176|0x000000079b000000, 0x000000079b000000, 0x000000079b100000|  0%| F|  |TAMS 0x000000079b000000, 0x000000079b000000| Untracked 
| 177|0x000000079b100000, 0x000000079b100000, 0x000000079b200000|  0%| F|  |TAMS 0x000000079b100000, 0x000000079b100000| Untracked 
| 178|0x000000079b200000, 0x000000079b200000, 0x000000079b300000|  0%| F|  |TAMS 0x000000079b200000, 0x000000079b200000| Untracked 
| 179|0x000000079b300000, 0x000000079b300000, 0x000000079b400000|  0%| F|  |TAMS 0x000000079b300000, 0x000000079b300000| Untracked 
| 180|0x000000079b400000, 0x000000079b400000, 0x000000079b500000|  0%| F|  |TAMS 0x000000079b400000, 0x000000079b400000| Untracked 
| 181|0x000000079b500000, 0x000000079b500000, 0x000000079b600000|  0%| F|  |TAMS 0x000000079b500000, 0x000000079b500000| Untracked 
| 182|0x000000079b600000, 0x000000079b600000, 0x000000079b700000|  0%| F|  |TAMS 0x000000079b600000, 0x000000079b600000| Untracked 
| 183|0x000000079b700000, 0x000000079b700000, 0x000000079b800000|  0%| F|  |TAMS 0x000000079b700000, 0x000000079b700000| Untracked 
| 184|0x000000079b800000, 0x000000079b800000, 0x000000079b900000|  0%| F|  |TAMS 0x000000079b800000, 0x000000079b800000| Untracked 
| 185|0x000000079b900000, 0x000000079b900000, 0x000000079ba00000|  0%| F|  |TAMS 0x000000079b900000, 0x000000079b900000| Untracked 
| 186|0x000000079ba00000, 0x000000079ba00000, 0x000000079bb00000|  0%| F|  |TAMS 0x000000079ba00000, 0x000000079ba00000| Untracked 
| 187|0x000000079bb00000, 0x000000079bb00000, 0x000000079bc00000|  0%| F|  |TAMS 0x000000079bb00000, 0x000000079bb00000| Untracked 
| 188|0x000000079bc00000, 0x000000079bc00000, 0x000000079bd00000|  0%| F|  |TAMS 0x000000079bc00000, 0x000000079bc00000| Untracked 
| 189|0x000000079bd00000, 0x000000079bd00000, 0x000000079be00000|  0%| F|  |TAMS 0x000000079bd00000, 0x000000079bd00000| Untracked 
| 190|0x000000079be00000, 0x000000079be00000, 0x000000079bf00000|  0%| F|  |TAMS 0x000000079be00000, 0x000000079be00000| Untracked 
| 191|0x000000079bf00000, 0x000000079bf00000, 0x000000079c000000|  0%| F|  |TAMS 0x000000079bf00000, 0x000000079bf00000| Untracked 
| 192|0x000000079c000000, 0x000000079c000000, 0x000000079c100000|  0%| F|  |TAMS 0x000000079c000000, 0x000000079c000000| Untracked 
| 193|0x000000079c100000, 0x000000079c100000, 0x000000079c200000|  0%| F|  |TAMS 0x000000079c100000, 0x000000079c100000| Untracked 
| 194|0x000000079c200000, 0x000000079c200000, 0x000000079c300000|  0%| F|  |TAMS 0x000000079c200000, 0x000000079c200000| Untracked 
| 195|0x000000079c300000, 0x000000079c300000, 0x000000079c400000|  0%| F|  |TAMS 0x000000079c300000, 0x000000079c300000| Untracked 
| 196|0x000000079c400000, 0x000000079c400000, 0x000000079c500000|  0%| F|  |TAMS 0x000000079c400000, 0x000000079c400000| Untracked 
| 197|0x000000079c500000, 0x000000079c500000, 0x000000079c600000|  0%| F|  |TAMS 0x000000079c500000, 0x000000079c500000| Untracked 
| 198|0x000000079c600000, 0x000000079c600000, 0x000000079c700000|  0%| F|  |TAMS 0x000000079c600000, 0x000000079c600000| Untracked 
| 199|0x000000079c700000, 0x000000079c700000, 0x000000079c800000|  0%| F|  |TAMS 0x000000079c700000, 0x000000079c700000| Untracked 
| 200|0x000000079c800000, 0x000000079c800000, 0x000000079c900000|  0%| F|  |TAMS 0x000000079c800000, 0x000000079c800000| Untracked 
| 201|0x000000079c900000, 0x000000079c900000, 0x000000079ca00000|  0%| F|  |TAMS 0x000000079c900000, 0x000000079c900000| Untracked 
| 202|0x000000079ca00000, 0x000000079ca00000, 0x000000079cb00000|  0%| F|  |TAMS 0x000000079ca00000, 0x000000079ca00000| Untracked 
| 203|0x000000079cb00000, 0x000000079cb00000, 0x000000079cc00000|  0%| F|  |TAMS 0x000000079cb00000, 0x000000079cb00000| Untracked 
| 204|0x000000079cc00000, 0x000000079cc00000, 0x000000079cd00000|  0%| F|  |TAMS 0x000000079cc00000, 0x000000079cc00000| Untracked 
| 205|0x000000079cd00000, 0x000000079cd00000, 0x000000079ce00000|  0%| F|  