#
# A fatal error has been detected by the Java Runtime Environment:
#
#  SIGSEGV (0xb) at pc=0x00000001051990e0, pid=34065, tid=3843
#
# JRE version: OpenJDK Runtime Environment Zulu16.30+19-CA (16.0.1+9) (build 16.0.1+9)
# Java VM: OpenJDK 64-Bit Server VM Zulu16.30+19-CA (16.0.1+9, mixed mode, tiered, compressed oops, compressed class ptrs, g1 gc, bsd-aarch64)
# Problematic frame:
# C  [rsession-arm64+0x8690e0]  _ZN13rstudio_boost4asio12placeholders17bytes_transferredEv+0x17007c
#
# No core dump will be written. Core dumps have been disabled. To enable core dumping, try "ulimit -c unlimited" before starting Java again
#
# If you would like to submit a bug report, please visit:
#   http://www.azulsystems.com/support/
#

---------------  S U M M A R Y ------------

Command Line: -Djava.awt.headless=true -Xmx768m -Dfile.encoding=UTF-8 -Xrs vfprintf exit -Xss2m 

Host: iMac21,1 arm64 1 MHz, 8 cores, 16G, Darwin 21.1.0, macOS 12.0.1 (21A559)
Time: Wed Nov  3 17:14:35 2021 JST elapsed time: 12543.335529 seconds (0d 3h 29m 3s)

---------------  T H R E A D  ---------------

Current thread is native thread

Stack: [0x000000016b678000,0x000000016b6fb000],  sp=0x000000016b6faac0,  free space=522k
Native frames: (J=compiled Java code, A=aot compiled Java code, j=interpreted, Vv=VM code, C=native code)
C  [rsession-arm64+0x8690e0]  _ZN13rstudio_boost4asio12placeholders17bytes_transferredEv+0x17007c
C  [rsession-arm64+0x8665e0]  _ZN13rstudio_boost4asio12placeholders17bytes_transferredEv+0x16d57c
C  [rsession-arm64+0x86fe78]  _ZN13rstudio_boost4asio12placeholders17bytes_transferredEv+0x176e14
C  [rsession-arm64+0x86d4f0]  _ZN13rstudio_boost4asio12placeholders17bytes_transferredEv+0x17448c
C  [rsession-arm64+0x8ac814]  _ZN13rstudio_boost4asio6detail24descriptor_write_op_baseINS0_15const_buffers_1EE10do_performEPNS1_10reactor_opE+0x5ba4
C  [rsession-arm64+0x8686d4]  _ZN13rstudio_boost4asio12placeholders17bytes_transferredEv+0x16f670
C  [rsession-arm64+0x8ac8d0]  _ZN13rstudio_boost4asio6detail24descriptor_write_op_baseINS0_15const_buffers_1EE10do_performEPNS1_10reactor_opE+0x5c60
C  [rsession-arm64+0x864384]  _ZN13rstudio_boost4asio12placeholders17bytes_transferredEv+0x16b320
C  [rsession-arm64+0x9c4334]  _ZN13rstudio_boost4asio6detail24descriptor_write_op_baseINS0_15const_buffers_1EE10do_performEPNS1_10reactor_opE+0x11d6c4
C  [libsystem_pthread.dylib+0x74ec]  _pthread_start+0x94


siginfo: si_signo: 11 (SIGSEGV), si_code: 2 (SEGV_ACCERR), si_addr: 0x0000000000000000

Registers:
 x0=0x0000000000000000  x1=0x000000016b6fabc0  x2=0x0000000000000002  x3=0x000000019a1f223c
 x4=0x0000000000001000  x5=0x000000000000001d  x6=0x0000000000000000  x7=0x0000000000000403
 x8=0x0000000000000000  x9=0x0000600001904c50 x10=0x0000000000000040 x11=0x0000000000000000
x12=0x0000000000000000 x13=0x0000000000000000 x14=0x00000000ae034800 x15=0x0000000000034800
x16=0x000000019a3d7a9c x17=0x000000019a1f2218 x18=0x0000000000000000 x19=0x0000000105656d10
x20=0x0000600000e1a940 x21=0x000000016b6fabc0 x22=0x000000016b6fad78 x23=0x0000600001510330
x24=0x0000600001510340 x25=0x0000600004bc6b20 x26=0x000000000003d090 x27=0x0000000000000080
x28=0x0000000105656000  fp=0x000000016b6fab30  lr=0x0000000105199084  sp=0x000000016b6faac0
pc=0x00000001051990e0 cpsr=0x0000000060001000
Top of Stack: (sp=0x000000016b6faac0)
0x000000016b6faac0:   8000000000000030 000000012f926fb0
0x000000016b6faad0:   0000000000000000 0000000000000000
0x000000016b6faae0:   0000000000000000 0000000000000000
0x000000016b6faaf0:   0000600004ba2f10 0000000000000024
0x000000016b6fab00:   8000000000000030 000000012f926fb0
0x000000016b6fab10:   000000016b6fad78 000000012f9270b8
0x000000016b6fab20:   0000600002c0c638 000000016b6fac00
0x000000016b6fab30:   000000016b6fabf0 00000001051965e0
0x000000016b6fab40:   0000600004ba3cc0 0000000000000024
0x000000016b6fab50:   8000000000000030 000000012f926fb0
0x000000016b6fab60:   000000010563a140 0000600004ba3390
0x000000016b6fab70:   000000000003d090 0000600004bc6b20
0x000000016b6fab80:   000000010563a140 0000600004ba0ae0
0x000000016b6fab90:   0000000000000030 00000001f3630000
0x000000016b6faba0:   0000600004ba0420 0000000000000024
0x000000016b6fabb0:   8000000000000030 000000012f926fb0
0x000000016b6fabc0:   00000001056400f0 0000600000195080
0x000000016b6fabd0:   000000016b6fac10 f11780019a20e770
0x000000016b6fabe0:   000000016b6facf8 000000012f926fb0
0x000000016b6fabf0:   000000016b6fac30 000000010519fe78
0x000000016b6fac00:   0000600004ba3630 0000000000000024
0x000000016b6fac10:   8000000000000030 000000012f926fb0
0x000000016b6fac20:   000000016b6facf8 000000012f926fb0
0x000000016b6fac30:   000000016b6fac80 000000010519d4f0
0x000000016b6fac40:   0000000000000000 0000000000000000
0x000000016b6fac50:   0000000000000000 000000012f926fb0
0x000000016b6fac60:   000000016b6fac80 965e80019a32f7f8
0x000000016b6fac70:   000000016b6facf8 000000012f926fb0
0x000000016b6fac80:   000000016b6facd0 00000001051dc814
0x000000016b6fac90:   0000000000000000 0000000000000000
0x000000016b6faca0:   0000000000000000 000000012f926fb0
0x000000016b6facb0:   000000016b6fad78 000000012f926fb0 

Instructions: (pc=0x00000001051990e0)
0x0000000105198fe0:   91010260 97e5d872 f9401268 b4000148
0x0000000105198ff0:   37000108 927ff908 f9400108 b40000a8
0x0000000105199000:   9100a260 aa0003e1 52800042 d63f0100
0x0000000105199010:   f900127f f9400a73 b40000b3 91002268
0x0000000105199020:   92800009 f8e90108 b4000088 a9417bfd
0x0000000105199030:   a8c24ff4 d65f03c0 f9400268 f9400908
0x0000000105199040:   aa1303e0 d63f0100 aa1303e0 a9417bfd
0x0000000105199050:   a8c24ff4 1408e574 97de845d d10203ff
0x0000000105199060:   a90557f6 a9064ff4 a9077bfd 9101c3fd
0x0000000105199070:   aa0103f5 aa0003f3 f9400414 aa1403e0
0x0000000105199080:   97decc91 a942a668 eb08012a d37ced4a
0x0000000105199090:   d100054a 9a8a03eb a944326a 8b0a018a
0x00000001051990a0:   eb0a017f 540000c1 91008260 94000186
0x00000001051990b0:   a9442a6b a942a668 8b0a016a eb08013f
0x00000001051990c0:   540000e0 d344fd49 927de129 f8696908
0x00000001051990d0:   92401949 8b091508 14000002 d2800008
0x00000001051990e0:   f900011f f94002a9 b40001c9 f9000109
0x00000001051990f0:   37000109 927ff929 f9400129 910022a0
0x0000000105199100:   91002101 52800002 d63f0120 14000005
0x0000000105199110:   3cc082a0 f9400ea9 f9000d09 3c808100
0x0000000105199120:   f9402668 91000508 f9002668 aa1403e0
0x0000000105199130:   9408e7da 35000100 f9400a60 97debb8a
0x0000000105199140:   a9477bfd a9464ff4 a94557f6 910203ff
0x0000000105199150:   d65f03c0 90001d40 91005800 d0001c41
0x0000000105199160:   91057821 90001d22 91313042 528009c3
0x0000000105199170:   9403675c 17fffff1 aa0103f5 aa0003f6
0x0000000105199180:   aa1403e0 9408e7c5 340001a0 90001d40
0x0000000105199190:   91005800 d0001c41 91057821 90001d22
0x00000001051991a0:   91313042 528009c3 9403674e 14000004
0x00000001051991b0:   97de8407 aa0103f5 aa0003f6 aa1603e0
0x00000001051991c0:   71000ebf 54000661 9408e5c2 97fc2101
0x00000001051991d0:   a90107e0 b00021a1 91295c21 b00021a2 



---------------  P R O C E S S  ---------------

VM state: not at safepoint (normal execution)

VM Mutex/Monitor currently owned by a thread: None

Heap address: 0x0000000790000000, size: 768 MB, Compressed Oops mode: Zero based, Oop shift amount: 3

Compressed class space mapped at: 0x0000000300000000-0x0000000340000000, reserved size: 1073741824
Narrow klass base: 0x0000000000000000, Narrow klass shift: 3, Narrow klass range: 0x340000000

GC Precious Log:
<Skipped>

Heap:
 garbage-first heap   total 786432K, used 547555K [0x0000000790000000, 0x00000007c0000000)
  region size 1024K, 153 young (156672K), 5 survivors (5120K)
 Metaspace       used 8546K, committed 8704K, reserved 1056768K
  class space    used 747K, committed 832K, reserved 1048576K

Heap Regions: E=young(eden), S=young(survivor), O=old, HS=humongous(starts), HC=humongous(continues), CS=collection set, F=free, OA=open archive, CA=closed archive, TAMS=top-at-mark-start (previous, next)
|   0|0x0000000790000000, 0x0000000790045d98, 0x0000000790100000| 27%| O|  |TAMS 0x0000000790045d98, 0x0000000790000000| Untracked 
|   1|0x0000000790100000, 0x000000079017f978, 0x0000000790200000| 49%| O|  |TAMS 0x000000079017f978, 0x0000000790100000| Untracked 
|   2|0x0000000790200000, 0x000000079027de18, 0x0000000790300000| 49%| O|  |TAMS 0x000000079027de18, 0x0000000790200000| Untracked 
|   3|0x0000000790300000, 0x0000000790301f08, 0x0000000790400000|  0%| O|  |TAMS 0x0000000790301f08, 0x0000000790300000| Untracked 
|   4|0x0000000790400000, 0x00000007904275b8, 0x0000000790500000| 15%| O|  |TAMS 0x00000007904275b8, 0x0000000790400000| Untracked 
|   5|0x0000000790500000, 0x0000000790600000, 0x0000000790600000|100%| O|  |TAMS 0x0000000790600000, 0x0000000790500000| Untracked 
|   6|0x0000000790600000, 0x0000000790600190, 0x0000000790700000|  0%| O|  |TAMS 0x0000000790600190, 0x0000000790600000| Untracked 
|   7|0x0000000790700000, 0x0000000790800000, 0x0000000790800000|100%| O|  |TAMS 0x0000000790800000, 0x0000000790700000| Untracked 
|   8|0x0000000790800000, 0x00000007908000a0, 0x0000000790900000|  0%| O|  |TAMS 0x00000007908000a0, 0x0000000790800000| Untracked 
|   9|0x0000000790900000, 0x0000000790a00000, 0x0000000790a00000|100%|HS|  |TAMS 0x0000000790a00000, 0x0000000790900000| Complete 
|  10|0x0000000790a00000, 0x0000000790b00000, 0x0000000790b00000|100%|HC|  |TAMS 0x0000000790b00000, 0x0000000790a00000| Complete 
|  11|0x0000000790b00000, 0x0000000790c00000, 0x0000000790c00000|100%|HC|  |TAMS 0x0000000790c00000, 0x0000000790b00000| Complete 
|  12|0x0000000790c00000, 0x0000000790d00000, 0x0000000790d00000|100%|HC|  |TAMS 0x0000000790d00000, 0x0000000790c00000| Complete 
|  13|0x0000000790d00000, 0x0000000790e00000, 0x0000000790e00000|100%|HC|  |TAMS 0x0000000790e00000, 0x0000000790d00000| Complete 
|  14|0x0000000790e00000, 0x0000000790f00000, 0x0000000790f00000|100%| O|  |TAMS 0x0000000790f00000, 0x0000000790e00000| Untracked 
|  15|0x0000000790f00000, 0x0000000791000000, 0x0000000791000000|100%| O|  |TAMS 0x0000000791000000, 0x0000000790f00000| Untracked 
|  16|0x0000000791000000, 0x0000000791100000, 0x0000000791100000|100%| O|  |TAMS 0x0000000791100000, 0x0000000791000000| Untracked 
|  17|0x0000000791100000, 0x0000000791200000, 0x0000000791200000|100%| O|  |TAMS 0x0000000791200000, 0x0000000791100000| Untracked 
|  18|0x0000000791200000, 0x0000000791300000, 0x0000000791300000|100%| O|  |TAMS 0x0000000791300000, 0x0000000791200000| Untracked 
|  19|0x0000000791300000, 0x0000000791400000, 0x0000000791400000|100%| O|  |TAMS 0x0000000791400000, 0x0000000791300000| Untracked 
|  20|0x0000000791400000, 0x0000000791500000, 0x0000000791500000|100%| O|  |TAMS 0x0000000791500000, 0x0000000791400000| Untracked 
|  21|0x0000000791500000, 0x0000000791600000, 0x0000000791600000|100%| O|  |TAMS 0x0000000791600000, 0x0000000791500000| Untracked 
|  22|0x0000000791600000, 0x0000000791700000, 0x0000000791700000|100%| O|  |TAMS 0x0000000791700000, 0x0000000791600000| Untracked 
|  23|0x0000000791700000, 0x0000000791800000, 0x0000000791800000|100%| O|  |TAMS 0x0000000791800000, 0x0000000791700000| Untracked 
|  24|0x0000000791800000, 0x0000000791900000, 0x0000000791900000|100%| O|  |TAMS 0x0000000791900000, 0x0000000791800000| Untracked 
|  25|0x0000000791900000, 0x0000000791a00000, 0x0000000791a00000|100%| O|  |TAMS 0x0000000791a00000, 0x0000000791900000| Untracked 
|  26|0x0000000791a00000, 0x0000000791b00000, 0x0000000791b00000|100%| O|  |TAMS 0x0000000791b00000, 0x0000000791a00000| Untracked 
|  27|0x0000000791b00000, 0x0000000791c00000, 0x0000000791c00000|100%| O|  |TAMS 0x0000000791c00000, 0x0000000791b00000| Untracked 
|  28|0x0000000791c00000, 0x0000000791d00000, 0x0000000791d00000|100%| O|  |TAMS 0x0000000791d00000, 0x0000000791c00000| Untracked 
|  29|0x0000000791d00000, 0x0000000791e00000, 0x0000000791e00000|100%| O|  |TAMS 0x0000000791e00000, 0x0000000791d00000| Untracked 
|  30|0x0000000791e00000, 0x0000000791f00000, 0x0000000791f00000|100%| O|  |TAMS 0x0000000791f00000, 0x0000000791e00000| Untracked 
|  31|0x0000000791f00000, 0x0000000792000000, 0x0000000792000000|100%| O|  |TAMS 0x0000000792000000, 0x0000000791f00000| Untracked 
|  32|0x0000000792000000, 0x0000000792100000, 0x0000000792100000|100%| O|  |TAMS 0x0000000792100000, 0x0000000792000000| Untracked 
|  33|0x0000000792100000, 0x0000000792200000, 0x0000000792200000|100%| O|  |TAMS 0x0000000792200000, 0x0000000792100000| Untracked 
|  34|0x0000000792200000, 0x0000000792300000, 0x0000000792300000|100%| O|  |TAMS 0x0000000792300000, 0x0000000792200000| Untracked 
|  35|0x0000000792300000, 0x0000000792400000, 0x0000000792400000|100%| O|  |TAMS 0x0000000792400000, 0x0000000792300000| Untracked 
|  36|0x0000000792400000, 0x0000000792500000, 0x0000000792500000|100%| O|  |TAMS 0x0000000792500000, 0x0000000792400000| Untracked 
|  37|0x0000000792500000, 0x0000000792600000, 0x0000000792600000|100%| O|  |TAMS 0x0000000792600000, 0x0000000792500000| Untracked 
|  38|0x0000000792600000, 0x0000000792700000, 0x0000000792700000|100%| O|  |TAMS 0x0000000792700000, 0x0000000792600000| Untracked 
|  39|0x0000000792700000, 0x0000000792800000, 0x0000000792800000|100%| O|  |TAMS 0x0000000792800000, 0x0000000792700000| Untracked 
|  40|0x0000000792800000, 0x0000000792900000, 0x0000000792900000|100%| O|  |TAMS 0x0000000792900000, 0x0000000792800000| Untracked 
|  41|0x0000000792900000, 0x0000000792a00000, 0x0000000792a00000|100%| O|  |TAMS 0x0000000792a00000, 0x0000000792900000| Untracked 
|  42|0x0000000792a00000, 0x0000000792b00000, 0x0000000792b00000|100%| O|  |TAMS 0x0000000792b00000, 0x0000000792a00000| Untracked 
|  43|0x0000000792b00000, 0x0000000792c00000, 0x0000000792c00000|100%| O|  |TAMS 0x0000000792c00000, 0x0000000792b00000| Untracked 
|  44|0x0000000792c00000, 0x0000000792d00000, 0x0000000792d00000|100%| O|  |TAMS 0x0000000792d00000, 0x0000000792c00000| Untracked 
|  45|0x0000000792d00000, 0x0000000792e00000, 0x0000000792e00000|100%| O|  |TAMS 0x0000000792e00000, 0x0000000792d00000| Untracked 
|  46|0x0000000792e00000, 0x0000000792f00000, 0x0000000792f00000|100%| O|  |TAMS 0x0000000792f00000, 0x0000000792e00000| Untracked 
|  47|0x0000000792f00000, 0x0000000793000000, 0x0000000793000000|100%| O|  |TAMS 0x0000000793000000, 0x0000000792f00000| Untracked 
|  48|0x0000000793000000, 0x0000000793100000, 0x0000000793100000|100%| O|  |TAMS 0x0000000793100000, 0x0000000793000000| Untracked 
|  49|0x0000000793100000, 0x0000000793200000, 0x0000000793200000|100%| O|  |TAMS 0x0000000793200000, 0x0000000793100000| Untracked 
|  50|0x0000000793200000, 0x0000000793300000, 0x0000000793300000|100%| O|  |TAMS 0x0000000793300000, 0x0000000793200000| Untracked 
|  51|0x0000000793300000, 0x0000000793400000, 0x0000000793400000|100%| O|  |TAMS 0x0000000793400000, 0x0000000793300000| Untracked 
|  52|0x0000000793400000, 0x0000000793500000, 0x0000000793500000|100%| O|  |TAMS 0x0000000793500000, 0x0000000793400000| Untracked 
|  53|0x0000000793500000, 0x0000000793600000, 0x0000000793600000|100%| O|  |TAMS 0x0000000793600000, 0x0000000793500000| Untracked 
|  54|0x0000000793600000, 0x0000000793700000, 0x0000000793700000|100%| O|  |TAMS 0x0000000793700000, 0x0000000793600000| Untracked 
|  55|0x0000000793700000, 0x0000000793800000, 0x0000000793800000|100%| O|  |TAMS 0x0000000793800000, 0x0000000793700000| Untracked 
|  56|0x0000000793800000, 0x0000000793900000, 0x0000000793900000|100%| O|  |TAMS 0x0000000793900000, 0x0000000793800000| Untracked 
|  57|0x0000000793900000, 0x0000000793a00000, 0x0000000793a00000|100%| O|  |TAMS 0x0000000793a00000, 0x0000000793900000| Untracked 
|  58|0x0000000793a00000, 0x0000000793b00000, 0x0000000793b00000|100%| O|  |TAMS 0x0000000793b00000, 0x0000000793a00000| Untracked 
|  59|0x0000000793b00000, 0x0000000793c00000, 0x0000000793c00000|100%| O|  |TAMS 0x0000000793c00000, 0x0000000793b00000| Untracked 
|  60|0x0000000793c00000, 0x0000000793d00000, 0x0000000793d00000|100%| O|  |TAMS 0x0000000793d00000, 0x0000000793c00000| Untracked 
|  61|0x0000000793d00000, 0x0000000793e00000, 0x0000000793e00000|100%| O|  |TAMS 0x0000000793e00000, 0x0000000793d00000| Untracked 
|  62|0x0000000793e00000, 0x0000000793f00000, 0x0000000793f00000|100%| O|  |TAMS 0x0000000793f00000, 0x0000000793e00000| Untracked 
|  63|0x0000000793f00000, 0x0000000794000000, 0x0000000794000000|100%| O|  |TAMS 0x0000000794000000, 0x0000000793f00000| Untracked 
|  64|0x0000000794000000, 0x0000000794100000, 0x0000000794100000|100%| O|  |TAMS 0x0000000794100000, 0x0000000794000000| Untracked 
|  65|0x0000000794100000, 0x0000000794200000, 0x0000000794200000|100%| O|  |TAMS 0x0000000794200000, 0x0000000794100000| Untracked 
|  66|0x0000000794200000, 0x0000000794300000, 0x0000000794300000|100%| O|  |TAMS 0x0000000794300000, 0x0000000794200000| Untracked 
|  67|0x0000000794300000, 0x0000000794400000, 0x0000000794400000|100%| O|  |TAMS 0x0000000794400000, 0x0000000794300000| Untracked 
|  68|0x0000000794400000, 0x0000000794500000, 0x0000000794500000|100%| O|  |TAMS 0x0000000794500000, 0x0000000794400000| Untracked 
|  69|0x0000000794500000, 0x0000000794600000, 0x0000000794600000|100%|HS|  |TAMS 0x0000000794600000, 0x0000000794500000| Complete 
|  70|0x0000000794600000, 0x0000000794700000, 0x0000000794700000|100%|HC|  |TAMS 0x0000000794700000, 0x0000000794600000| Complete 
|  71|0x0000000794700000, 0x0000000794800000, 0x0000000794800000|100%|HS|  |TAMS 0x0000000794800000, 0x0000000794700000| Complete 
|  72|0x0000000794800000, 0x0000000794900000, 0x0000000794900000|100%|HC|  |TAMS 0x0000000794900000, 0x0000000794800000| Complete 
|  73|0x0000000794900000, 0x0000000794a00000, 0x0000000794a00000|100%|HC|  |TAMS 0x0000000794a00000, 0x0000000794900000| Complete 
|  74|0x0000000794a00000, 0x0000000794b00000, 0x0000000794b00000|100%|HC|  |TAMS 0x0000000794b00000, 0x0000000794a00000| Complete 
|  75|0x0000000794b00000, 0x0000000794c00000, 0x0000000794c00000|100%|HC|  |TAMS 0x0000000794c00000, 0x0000000794b00000| Complete 
|  76|0x0000000794c00000, 0x0000000794d00000, 0x0000000794d00000|100%|HC|  |TAMS 0x0000000794d00000, 0x0000000794c00000| Complete 
|  77|0x0000000794d00000, 0x0000000794e00000, 0x0000000794e00000|100%|HC|  |TAMS 0x0000000794e00000, 0x0000000794d00000| Complete 
|  78|0x0000000794e00000, 0x0000000794f00000, 0x0000000794f00000|100%|HC|  |TAMS 0x0000000794f00000, 0x0000000794e00000| Complete 
|  79|0x0000000794f00000, 0x0000000795000000, 0x0000000795000000|100%|HC|  |TAMS 0x0000000795000000, 0x0000000794f00000| Complete 
|  80|0x0000000795000000, 0x0000000795100000, 0x0000000795100000|100%|HC|  |TAMS 0x0000000795100000, 0x0000000795000000| Complete 
|  81|0x0000000795100000, 0x0000000795200000, 0x0000000795200000|100%|HC|  |TAMS 0x0000000795200000, 0x0000000795100000| Complete 
|  82|0x0000000795200000, 0x0000000795300000, 0x0000000795300000|100%|HC|  |TAMS 0x0000000795300000, 0x0000000795200000| Complete 
|  83|0x0000000795300000, 0x0000000795400000, 0x0000000795400000|100%|HC|  |TAMS 0x0000000795400000, 0x0000000795300000| Complete 
|  84|0x0000000795400000, 0x0000000795500000, 0x0000000795500000|100%|HC|  |TAMS 0x0000000795500000, 0x0000000795400000| Complete 
|  85|0x0000000795500000, 0x0000000795600000, 0x0000000795600000|100%|HC|  |TAMS 0x0000000795600000, 0x0000000795500000| Complete 
|  86|0x0000000795600000, 0x0000000795700000, 0x0000000795700000|100%|HC|  |TAMS 0x0000000795700000, 0x0000000795600000| Complete 
|  87|0x0000000795700000, 0x0000000795800000, 0x0000000795800000|100%|HC|  |TAMS 0x0000000795800000, 0x0000000795700000| Complete 
|  88|0x0000000795800000, 0x0000000795900000, 0x0000000795900000|100%| O|  |TAMS 0x0000000795900000, 0x0000000795800000| Untracked 
|  89|0x0000000795900000, 0x0000000795a00000, 0x0000000795a00000|100%| O|  |TAMS 0x0000000795a00000, 0x0000000795900000| Untracked 
|  90|0x0000000795a00000, 0x0000000795b00000, 0x0000000795b00000|100%| O|  |TAMS 0x0000000795b00000, 0x0000000795a00000| Untracked 
|  91|0x0000000795b00000, 0x0000000795c00000, 0x0000000795c00000|100%| O|  |TAMS 0x0000000795c00000, 0x0000000795b00000| Untracked 
|  92|0x0000000795c00000, 0x0000000795d00000, 0x0000000795d00000|100%| O|  |TAMS 0x0000000795d00000, 0x0000000795c00000| Untracked 
|  93|0x0000000795d00000, 0x0000000795e00000, 0x0000000795e00000|100%| O|  |TAMS 0x0000000795e00000, 0x0000000795d00000| Untracked 
|  94|0x0000000795e00000, 0x0000000795f00000, 0x0000000795f00000|100%| O|  |TAMS 0x0000000795f00000, 0x0000000795e00000| Untracked 
|  95|0x0000000795f00000, 0x0000000796000000, 0x0000000796000000|100%| O|  |TAMS 0x0000000796000000, 0x0000000795f00000| Untracked 
|  96|0x0000000796000000, 0x0000000796100000, 0x0000000796100000|100%| O|  |TAMS 0x0000000796100000, 0x0000000796000000| Untracked 
|  97|0x0000000796100000, 0x0000000796200000, 0x0000000796200000|100%| O|  |TAMS 0x0000000796200000, 0x0000000796100000| Untracked 
|  98|0x0000000796200000, 0x0000000796300000, 0x0000000796300000|100%| O|  |TAMS 0x0000000796300000, 0x0000000796200000| Untracked 
|  99|0x0000000796300000, 0x0000000796400000, 0x0000000796400000|100%| O|  |TAMS 0x0000000796400000, 0x0000000796300000| Untracked 
| 100|0x0000000796400000, 0x0000000796500000, 0x0000000796500000|100%| O|  |TAMS 0x0000000796500000, 0x0000000796400000| Untracked 
| 101|0x0000000796500000, 0x0000000796600000, 0x0000000796600000|100%| O|  |TAMS 0x0000000796600000, 0x0000000796500000| Untracked 
| 102|0x0000000796600000, 0x0000000796700000, 0x0000000796700000|100%| O|  |TAMS 0x0000000796700000, 0x0000000796600000| Untracked 
| 103|0x0000000796700000, 0x0000000796800000, 0x0000000796800000|100%| O|  |TAMS 0x0000000796800000, 0x0000000796700000| Untracked 
| 104|0x0000000796800000, 0x0000000796900000, 0x0000000796900000|100%| O|  |TAMS 0x0000000796900000, 0x0000000796800000| Untracked 
| 105|0x0000000796900000, 0x0000000796a00000, 0x0000000796a00000|100%| O|  |TAMS 0x0000000796a00000, 0x0000000796900000| Untracked 
| 106|0x0000000796a00000, 0x0000000796b00000, 0x0000000796b00000|100%| O|  |TAMS 0x0000000796b00000, 0x0000000796a00000| Untracked 
| 107|0x0000000796b00000, 0x0000000796c00000, 0x0000000796c00000|100%| O|  |TAMS 0x0000000796c00000, 0x0000000796b00000| Untracked 
| 108|0x0000000796c00000, 0x0000000796d00000, 0x0000000796d00000|100%| O|  |TAMS 0x0000000796d00000, 0x0000000796c00000| Untracked 
| 109|0x0000000796d00000, 0x0000000796e00000, 0x0000000796e00000|100%| O|  |TAMS 0x0000000796e00000, 0x0000000796d00000| Untracked 
| 110|0x0000000796e00000, 0x0000000796f00000, 0x0000000796f00000|100%| O|  |TAMS 0x0000000796f00000, 0x0000000796e00000| Untracked 
| 111|0x0000000796f00000, 0x0000000797000000, 0x0000000797000000|100%| O|  |TAMS 0x0000000797000000, 0x0000000796f00000| Untracked 
| 112|0x0000000797000000, 0x0000000797100000, 0x0000000797100000|100%| O|  |TAMS 0x0000000797100000, 0x0000000797000000| Untracked 
| 113|0x0000000797100000, 0x0000000797200000, 0x0000000797200000|100%| O|  |TAMS 0x0000000797200000, 0x0000000797100000| Untracked 
| 114|0x0000000797200000, 0x0000000797300000, 0x0000000797300000|100%| O|  |TAMS 0x0000000797300000, 0x0000000797200000| Untracked 
| 115|0x0000000797300000, 0x0000000797400000, 0x0000000797400000|100%| O|  |TAMS 0x0000000797400000, 0x0000000797300000| Untracked 
| 116|0x0000000797400000, 0x0000000797500000, 0x0000000797500000|100%| O|  |TAMS 0x0000000797500000, 0x0000000797400000| Untracked 
| 117|0x0000000797500000, 0x0000000797600000, 0x0000000797600000|100%| O|  |TAMS 0x0000000797600000, 0x0000000797500000| Untracked 
| 118|0x0000000797600000, 0x0000000797700000, 0x0000000797700000|100%| O|  |TAMS 0x0000000797700000, 0x0000000797600000| Untracked 
| 119|0x0000000797700000, 0x0000000797800000, 0x0000000797800000|100%| O|  |TAMS 0x0000000797800000, 0x0000000797700000| Untracked 
| 120|0x0000000797800000, 0x0000000797900000, 0x0000000797900000|100%| O|  |TAMS 0x0000000797900000, 0x0000000797800000| Untracked 
| 121|0x0000000797900000, 0x0000000797a00000, 0x0000000797a00000|100%| O|  |TAMS 0x0000000797a00000, 0x0000000797900000| Untracked 
| 122|0x0000000797a00000, 0x0000000797b00000, 0x0000000797b00000|100%| O|  |TAMS 0x0000000797b00000, 0x0000000797a00000| Untracked 
| 123|0x0000000797b00000, 0x0000000797c00000, 0x0000000797c00000|100%| O|  |TAMS 0x0000000797c00000, 0x0000000797b00000| Untracked 
| 124|0x0000000797c00000, 0x0000000797d00000, 0x0000000797d00000|100%| O|  |TAMS 0x0000000797d00000, 0x0000000797c00000| Untracked 
| 125|0x0000000797d00000, 0x0000000797e00000, 0x0000000797e00000|100%| O|  |TAMS 0x0000000797e00000, 0x0000000797d00000| Untracked 
| 126|0x0000000797e00000, 0x0000000797f00000, 0x0000000797f00000|100%| O|  |TAMS 0x0000000797f00000, 0x0000000797e00000| Untracked 
| 127|0x0000000797f00000, 0x0000000798000000, 0x0000000798000000|100%| O|  |TAMS 0x0000000798000000, 0x0000000797f00000| Untracked 
| 128|0x0000000798000000, 0x0000000798100000, 0x0000000798100000|100%| O|  |TAMS 0x0000000798100000, 0x0000000798000000| Untracked 
| 129|0x0000000798100000, 0x0000000798200000, 0x0000000798200000|100%| O|  |TAMS 0x0000000798200000, 0x0000000798100000| Untracked 
| 130|0x0000000798200000, 0x0000000798300000, 0x0000000798300000|100%| O|  |TAMS 0x0000000798300000, 0x0000000798200000| Untracked 
| 131|0x0000000798300000, 0x0000000798400000, 0x0000000798400000|100%| O|  |TAMS 0x0000000798400000, 0x0000000798300000| Untracked 
| 132|0x0000000798400000, 0x0000000798500000, 0x0000000798500000|100%| O|  |TAMS 0x0000000798500000, 0x0000000798400000| Untracked 
| 133|0x0000000798500000, 0x0000000798600000, 0x0000000798600000|100%| O|  |TAMS 0x0000000798600000, 0x0000000798500000| Untracked 
| 134|0x0000000798600000, 0x0000000798700000, 0x0000000798700000|100%| O|  |TAMS 0x0000000798700000, 0x0000000798600000| Untracked 
| 135|0x0000000798700000, 0x0000000798800000, 0x0000000798800000|100%| O|  |TAMS 0x0000000798800000, 0x0000000798700000| Untracked 
| 136|0x0000000798800000, 0x0000000798900000, 0x0000000798900000|100%| O|  |TAMS 0x0000000798900000, 0x0000000798800000| Untracked 
| 137|0x0000000798900000, 0x0000000798a00000, 0x0000000798a00000|100%| O|  |TAMS 0x0000000798a00000, 0x0000000798900000| Untracked 
| 138|0x0000000798a00000, 0x0000000798b00000, 0x0000000798b00000|100%| O|  |TAMS 0x0000000798b00000, 0x0000000798a00000| Untracked 
| 139|0x0000000798b00000, 0x0000000798c00000, 0x0000000798c00000|100%| O|  |TAMS 0x0000000798c00000, 0x0000000798b00000| Untracked 
| 140|0x0000000798c00000, 0x0000000798d00000, 0x0000000798d00000|100%| O|  |TAMS 0x0000000798d00000, 0x0000000798c00000| Untracked 
| 141|0x0000000798d00000, 0x0000000798e00000, 0x0000000798e00000|100%| O|  |TAMS 0x0000000798e00000, 0x0000000798d00000| Untracked 
| 142|0x0000000798e00000, 0x0000000798f00000, 0x0000000798f00000|100%| O|  |TAMS 0x0000000798f00000, 0x0000000798e00000| Untracked 
| 143|0x0000000798f00000, 0x0000000799000000, 0x0000000799000000|100%| O|  |TAMS 0x0000000799000000, 0x0000000798f00000| Untracked 
| 144|0x0000000799000000, 0x0000000799100000, 0x0000000799100000|100%| O|  |TAMS 0x0000000799100000, 0x0000000799000000| Untracked 
| 145|0x0000000799100000, 0x0000000799200000, 0x0000000799200000|100%| O|  |TAMS 0x0000000799200000, 0x0000000799100000| Untracked 
| 146|0x0000000799200000, 0x0000000799300000, 0x0000000799300000|100%| O|  |TAMS 0x0000000799300000, 0x0000000799200000| Untracked 
| 147|0x0000000799300000, 0x0000000799400000, 0x0000000799400000|100%| O|  |TAMS 0x0000000799400000, 0x0000000799300000| Untracked 
| 148|0x0000000799400000, 0x0000000799500000, 0x0000000799500000|100%| O|  |TAMS 0x0000000799500000, 0x0000000799400000| Untracked 
| 149|0x0000000799500000, 0x0000000799600000, 0x0000000799600000|100%| O|  |TAMS 0x0000000799600000, 0x0000000799500000| Untracked 
| 150|0x0000000799600000, 0x0000000799700000, 0x0000000799700000|100%| O|  |TAMS 0x0000000799700000, 0x0000000799600000| Untracked 
| 151|0x0000000799700000, 0x0000000799800000, 0x0000000799800000|100%| O|  |TAMS 0x0000000799800000, 0x0000000799700000| Untracked 
| 152|0x0000000799800000, 0x0000000799900000, 0x0000000799900000|100%| O|  |TAMS 0x0000000799900000, 0x0000000799800000| Untracked 
| 153|0x0000000799900000, 0x0000000799a00000, 0x0000000799a00000|100%| O|  |TAMS 0x0000000799a00000, 0x0000000799900000| Untracked 
| 154|0x0000000799a00000, 0x0000000799b00000, 0x0000000799b00000|100%| O|  |TAMS 0x0000000799b00000, 0x0000000799a00000| Untracked 
| 155|0x0000000799b00000, 0x0000000799c00000, 0x0000000799c00000|100%| O|  |TAMS 0x0000000799c00000, 0x0000000799b00000| Untracked 
| 156|0x0000000799c00000, 0x0000000799d00000, 0x0000000799d00000|100%| O|  |TAMS 0x0000000799d00000, 0x0000000799c00000| Untracked 
| 157|0x0000000799d00000, 0x0000000799e00000, 0x0000000799e00000|100%| O|  |TAMS 0x0000000799e00000, 0x0000000799d00000| Untracked 
| 158|0x0000000799e00000, 0x0000000799f00000, 0x0000000799f00000|100%| O|  |TAMS 0x0000000799f00000, 0x0000000799e00000| Untracked 
| 159|0x0000000799f00000, 0x000000079a000000, 0x000000079a000000|100%| O|  |TAMS 0x000000079a000000, 0x0000000799f00000| Untracked 
| 160|0x000000079a000000, 0x000000079a100000, 0x000000079a100000|100%| O|  |TAMS 0x000000079a100000, 0x000000079a000000| Untracked 
| 161|0x000000079a100000, 0x000000079a200000, 0x000000079a200000|100%| O|  |TAMS 0x000000079a200000, 0x000000079a100000| Untracked 
| 162|0x000000079a200000, 0x000000079a300000, 0x000000079a300000|100%| O|  |TAMS 0x000000079a300000, 0x000000079a200000| Untracked 
| 163|0x000000079a300000, 0x000000079a400000, 0x000000079a400000|100%| O|  |TAMS 0x000000079a400000, 0x000000079a300000| Untracked 
| 164|0x000000079a400000, 0x000000079a500000, 0x000000079a500000|100%| O|  |TAMS 0x000000079a500000, 0x000000079a400000| Untracked 
| 165|0x000000079a500000, 0x000000079a600000, 0x000000079a600000|100%| O|  |TAMS 0x000000079a600000, 0x000000079a500000| Untracked 
| 166|0x000000079a600000, 0x000000079a700000, 0x000000079a700000|100%| O|  |TAMS 0x000000079a700000, 0x000000079a600000| Untracked 
| 167|0x000000079a700000, 0x000000079a800000, 0x000000079a800000|100%| O|  |TAMS 0x000000079a800000, 0x000000079a700000| Untracked 
| 168|0x000000079a800000, 0x000000079a900000, 0x000000079a900000|100%| O|  |TAMS 0x000000079a900000, 0x000000079a800000| Untracked 
| 169|0x000000079a900000, 0x000000079aa00000, 0x000000079aa00000|100%| O|  |TAMS 0x000000079aa00000, 0x000000079a900000| Untracked 
| 170|0x000000079aa00000, 0x000000079ab00000, 0x000000079ab00000|100%| O|  |TAMS 0x000000079ab00000, 0x000000079aa00000| Untracked 
| 171|0x000000079ab00000, 0x000000079ac00000, 0x000000079ac00000|100%| O|  |TAMS 0x000000079ac00000, 0x000000079ab00000| Untracked 
| 172|0x000000079ac00000, 0x000000079ad00000, 0x000000079ad00000|100%| O|  |TAMS 0x000000079ad00000, 0x000000079ac00000| Untracked 
| 173|0x000000079ad00000, 0x000000079ae00000, 0x000000079ae00000|100%| O|  |TAMS 0x000000079ae00000, 0x000000079ad00000| Untracked 
| 174|0x000000079ae00000, 0x000000079af00000, 0x000000079af00000|100%| O|  |TAMS 0x000000079af00000, 0x000000079ae00000| Untracked 
| 175|0x000000079af00000, 0x000000079b000000, 0x000000079b000000|100%| O|  |TAMS 0x000000079b000000, 0x000000079af00000| Untracked 
| 176|0x000000079b000000, 0x000000079b100000, 0x000000079b100000|100%| O|  |TAMS 0x000000079b100000, 0x000000079b000000| Untracked 
| 177|0x000000079b100000, 0x000000079b200000, 0x000000079b200000|100%| O|  |TAMS 0x000000079b200000, 0x000000079b100000| Untracked 
| 178|0x000000079b200000, 0x000000079b300000, 0x000000079b300000|100%| O|  |TAMS 0x000000079b300000, 0x000000079b200000| Untracked 
| 179|0x000000079b300000, 0x000000079b400000, 0x000000079b400000|100%| O|  |TAMS 0x000000079b400000, 0x000000079b300000| Untracked 
| 180|0x000000079b400000, 0x000000079b500000, 0x000000079b500000|100%| O|  |TAMS 0x000000079b500000, 0x000000079b400000| Untracked 
| 181|0x000000079b500000, 0x000000079b600000, 0x000000079b600000|100%| O|  |TAMS 0x000000079b600000, 0x000000079b500000| Untracked 
| 182|0x000000079b600000, 0x000000079b700000, 0x000000079b700000|100%| O|  |TAMS 0x000000079b700000, 0x000000079b600000| Untracked 
| 183|0x000000079b700000, 0x000000079b800000, 0x000000079b800000|100%| O|  |TAMS 0x000000079b800000, 0x000000079b700000| Untracked 
| 184|0x000000079b800000, 0x000000079b900000, 0x000000079b900000|100%| O|  |TAMS 0x000000079b900000, 0x000000079b800000| Untracked 
| 185|0x000000079b900000, 0x000000079ba00000, 0x000000079ba00000|100%| O|  |TAMS 0x000000079ba00000, 0x000000079b900000| Untracked 
| 186|0x000000079ba00000, 0x000000079bb00000, 0x000000079bb00000|100%| O|  |TAMS 0x000000079bb00000, 0x000000079ba00000| Untracked 
| 187|0x000000079bb00000, 0x000000079bc00000, 0x000000079bc00000|100%| O|  |TAMS 0x000000079bc00000, 0x000000079bb00000| Untracked 
| 188|0x000000079bc00000, 0x000000079bd00000, 0x000000079bd00000|100%| O|  |TAMS 0x000000079bd00000, 0x000000079bc00000| Untracked 
| 189|0x000000079bd00000, 0x000000079be00000, 0x000000079be00000|100%| O|  |TAMS 0x000000079be00000, 0x000000079bd00000| Untracked 
| 190|0x000000079be00000, 0x000000079bf00000, 0x000000079bf00000|100%| O|  |TAMS 0x000000079bf00000, 0x000000079be00000| Untracked 
| 191|0x000000079bf00000, 0x000000079c000000, 0x000000079c000000|100%| O|  |TAMS 0x000000079c000000, 0x000000079bf00000| Untracked 
| 192|0x000000079c000000, 0x000000079c100000, 0x000000079c100000|100%| O|  |TAMS 0x000000079c100000, 0x000000079c000000| Untracked 
| 193|0x000000079c100000, 0x000000079c200000, 0x000000079c200000|100%| O|  |TAMS 0x000000079c200000, 0x000000079c100000| Untracked 
| 194|0x000000079c200000, 0x000000079c300000, 0x000000079c300000|100%| O|  |TAMS 0x000000079c300000, 0x000000079c200000| Untracked 
| 195|0x000000079c300000, 0x000000079c400000, 0x000000079c400000|100%| O|  |TAMS 0x000000079c400000, 0x000000079c300000| Untracked 
| 196|0x000000079c400000, 0x000000079c500000, 0x000000079c500000|100%| O|  |TAMS 0x000000079c500000, 0x000000079c400000| Untracked 
| 197|0x000000079c500000, 0x000000079c600000, 0x000000079c600000|100%| O|  |TAMS 0x000000079c600000, 0x000000079c500000| Untracked 
| 198|0x000000079c600000, 0x000000079c700000, 0x000000079c700000|100%| O|  |TAMS 0x000000079c700000, 0x000000079c600000| Untracked 
| 199|0x000000079c700000, 0x000000079c800000, 0x000000079c800000|100%| O|  |TAMS 0x000000079c800000, 0x000000079c700000| Untracked 
| 200|0x000000079c800000, 0x000000079c900000, 0x000000079c900000|100%| O|  |TAMS 0x000000079c900000, 0x000000079c800000| Untracked 
| 201|0x000000079c900000, 0x000000079ca00000, 0x000000079ca00000|100%| O|  |TAMS 0x000000079ca00000, 0x000000079c900000| Untracked 
| 202|0x000000079ca00000, 0x000000079cb00000, 0x000000079cb00000|100%| O|  |TAMS 0x000000079cb00000, 0x000000079ca00000| Untracked 
| 203|0x000000079cb00000, 0x000000079cc00000, 0x000000079cc00000|100%| O|  |TAMS 0x000000079cc00000, 0x000000079cb00000| Untracked 
| 204|0x000000079cc00000, 0x000000079cd00000, 0x000000079cd00000|100%| O|  |TAMS 0x000000079cd00000, 0x000000079cc00000| Untracked 
| 205|0x000000079cd00000, 0x000000079ce00000, 0x000000079ce00000|100%| O|  |TAMS 0x000000079ce00000, 0x000000079cd00000| Untracked 
| 206|0x000000079ce00000, 0x000000079cf00000, 0x000000079cf00000|100%| O|  |TAMS 0x000000079cf00000, 0x000000079ce00000| Untracked 
| 207|0x000000079cf00000, 0x000000079d000000, 0x000000079d000000|100%| O|  |TAMS 0x000000079d000000, 0x000000079cf00000| Untracked 
| 208|0x000000079d000000, 0x000000079d100000, 0x000000079d100000|100%| O|  |TAMS 0x000000079d100000, 0x000000079d000000| Untracked 
| 209|0x000000079d100000, 0x000000079d200000, 0x000000079d200000|100%| O|  |TAMS 0x000000079d200000, 0x000000079d100000| Untracked 
| 210|0x000000079d200000, 0x000000079d300000, 0x000000079d300000|100%| O|  |TAMS 0x000000079d300000, 0x000000079d200000| Untracked 
| 211|0x000000079d300000, 0x000000079d400000, 0x000000079d400000|100%| O|  |TAMS 0x000000079d400000, 0x000000079d300000| Untracked 
| 212|0x000000079d400000, 0x000000079d500000, 0x000000079d500000|100%| O|  |TAMS 0x000000079d500000, 0x000000079d400000| Untracked 
| 213|0x000000079d500000, 0x000000079d600000, 0x000000079d600000|100%| O|  |TAMS 0x000000079d600000, 0x000000079d500000| Untracked 
| 214|0x000000079d600000, 0x000000079d700000, 0x000000079d700000|100%| O|  |TAMS 0x000000079d700000, 0x000000079d600000| Untracked 
| 215|0x000000079d700000, 0x000000079d800000, 0x000000079d800000|100%| O|  |TAMS 0x000000079d800000, 0x000000079d700000| Untracked 
| 216|0x000000079d800000, 0x000000079d900000, 0x000000079d900000|100%| O|  |TAMS 0x000000079d900000, 0x000000079d800000| Untracked 
| 217|0x000000079d900000, 0x000000079da00000, 0x000000079da00000|100%| O|  |TAMS 0x000000079da00000, 0x000000079d900000| Untracked 
| 218|0x000000079da00000, 0x000000079db00000, 0x000000079db00000|100%| O|  |TAMS 0x000000079db00000, 0x000000079da00000| Untracked 
| 219|0x000000079db00000, 0x000000079dc00000, 0x000000079dc00000|100%| O|  |TAMS 0x000000079dc00000, 0x000000079db00000| Untracked 
| 220|0x000000079dc00000, 0x000000079dd00000, 0x000000079dd00000|100%| O|  |TAMS 0x000000079dd00000, 0x000000079dc00000| Untracked 
| 221|0x000000079dd00000, 0x000000079de00000, 0x000000079de00000|100%| O|  |TAMS 0x000000079de00000, 0x000000079dd00000| Untracked 
| 222|0x000000079de00000, 0x000000079df00000, 0x000000079df00000|100%| O|  |TAMS 0x000000079df00000, 0x000000079de00000| Untracked 
| 223|0x000000079df00000, 0x000000079e000000, 0x000000079e000000|100%| O|  |TAMS 0x000000079e000000, 0x000000079df00000| Untracked 
| 224|0x000000079e000000, 0x000000079e100000, 0x000000079e100000|100%| O|  |TAMS 0x000000079e100000, 0x000000079e000000| Untracked 
| 225|0x000000079e100000, 0x000000079e200000, 0x000000079e200000|100%| O|  |TAMS 0x000000079e200000, 0x000000079e100000| Untracked 
| 226|0x000000079e200000, 0x000000079e300000, 0x000000079e300000|100%| O|  |TAMS 0x000000079e300000, 0x000000079e200000| Untracked 
| 227|0x000000079e300000, 0x000000079e400000, 0x000000079e400000|100%| O|  |TAMS 0x000000079e400000, 0x000000079e300000| Untracked 
| 228|0x000000079e400000, 0x000000079e500000, 0x000000079e500000|100%| O|  |TAMS 0x000000079e500000, 0x000000079e400000| Untracked 
| 229|0x000000079e500000, 0x000000079e600000, 0x000000079e600000|100%| O|  |TAMS 0x000000079e600000, 0x000000079e500000| Untracked 
| 230|0x000000079e600000, 0x000000079e700000, 0x000000079e700000|100%| O|  |TAMS 0x000000079e700000, 0x000000079e600000| Untracked 
| 231|0x000000079e700000, 0x000000079e800000, 0x000000079e800000|100%| O|  |TAMS 0x000000079e800000, 0x000000079e700000| Untracked 
| 232|0x000000079e800000, 0x000000079e900000, 0x000000079e900000|100%| O|  |TAMS 0x000000079e900000, 0x000000079e800000| Untracked 
| 233|0x000000079e900000, 0x000000079ea00000, 0x000000079ea00000|100%| O|  |TAMS 0x000000079ea00000, 0x000000079e900000| Untracked 
| 234|0x000000079ea00000, 0x000000079eb00000, 0x000000079eb00000|100%| O|  |TAMS 0x000000079eb00000, 0x000000079ea00000| Untracked 
| 235|0x000000079eb00000, 0x000000079ec00000, 0x000000079ec00000|100%| O|  |TAMS 0x000000079ec00000, 0x000000079eb00000| Untracked 
| 236|0x000000079ec00000, 0x000000079ed00000, 0x000000079ed00000|100%| O|  |TAMS 0x000000079ed00000, 0x000000079ec00000| Untracked 
| 237|0x000000079ed00000, 0x000000079ee00000, 0x000000079ee00000|100%| O|  |TAMS 0x000000079ee00000, 0x000000079ed00000| Untracked 
| 238|0x000000079ee00000, 0x000000079ef00000, 0x000000079ef00000