#
# A fatal error has been detected by the Java Runtime Environment:
#
#  SIGSEGV (0xb) at pc=0x0000000102af8fd0, pid=12972, tid=4099
#
# JRE version: OpenJDK Runtime Environment Zulu16.30+19-CA (16.0.1+9) (build 16.0.1+9)
# Java VM: OpenJDK 64-Bit Server VM Zulu16.30+19-CA (16.0.1+9, mixed mode, tiered, compressed oops, compressed class ptrs, g1 gc, bsd-aarch64)
# Problematic frame:
# C  [rsession-arm64+0x868fd0]  _ZN13rstudio_boost4asio12placeholders17bytes_transferredEv+0x16ff6c
#
# No core dump will be written. Core dumps have been disabled. To enable core dumping, try "ulimit -c unlimited" before starting Java again
#
# If you would like to submit a bug report, please visit:
#   http://www.azulsystems.com/support/
#

---------------  S U M M A R Y ------------

Command Line: -Djava.awt.headless=true -Xmx768m -Dfile.encoding=UTF-8 -Xrs vfprintf exit -Xss2m 

Host: iMac21,1 arm64 1 MHz, 8 cores, 16G, Darwin 21.1.0, macOS 12.0.1 (21A559)
Time: Thu Dec  2 09:56:54 2021 JST elapsed time: 44957.598037 seconds (0d 12h 29m 17s)

---------------  T H R E A D  ---------------

Current thread is native thread

Stack: [0x000000016dd18000,0x000000016dd9b000],  sp=0x000000016dd9ac30,  free space=523k
Native frames: (J=compiled Java code, A=aot compiled Java code, j=interpreted, Vv=VM code, C=native code)
C  [rsession-arm64+0x868fd0]  _ZN13rstudio_boost4asio12placeholders17bytes_transferredEv+0x16ff6c
C  [rsession-arm64+0x8689b4]  _ZN13rstudio_boost4asio12placeholders17bytes_transferredEv+0x16f950
C  [rsession-arm64+0x86850c]  _ZN13rstudio_boost4asio12placeholders17bytes_transferredEv+0x16f4a8
C  [rsession-arm64+0x8ac8d0]  _ZN13rstudio_boost4asio6detail24descriptor_write_op_baseINS0_15const_buffers_1EE10do_performEPNS1_10reactor_opE+0x5c60
C  [rsession-arm64+0x864384]  _ZN13rstudio_boost4asio12placeholders17bytes_transferredEv+0x16b320
C  [rsession-arm64+0x9c4334]  _ZN13rstudio_boost4asio6detail24descriptor_write_op_baseINS0_15const_buffers_1EE10do_performEPNS1_10reactor_opE+0x11d6c4
C  [libsystem_pthread.dylib+0x74ec]  _pthread_start+0x94


siginfo: si_signo: 11 (SIGSEGV), si_code: 2 (SEGV_ACCERR), si_addr: 0x0000b42a807351b7

Registers:
 x0=0x0000b42a807350c0  x1=0x0000600001291830  x2=0x0000000000000000  x3=0x0000000000000000
 x4=0x0000000000000000  x5=0x0000000000000000  x6=0x0000000000000024  x7=0x0000600001291830
 x8=0x0000b42a807348c0  x9=0x0000000000000008 x10=0x0000000000000000 x11=0x0000000000000000
x12=0x00000000c8687847 x13=0x0000000048687800 x14=0x0000000048600000 x15=0x0000000000047800
x16=0x000000018a570110 x17=0x00000001e493be98 x18=0x0000000000000000 x19=0x0000b42a807350c0
x20=0x000000016dd9ad38 x21=0x000000012f85d900 x22=0x0000000102fb6ce0 x23=0x000000012f85d600
x24=0x0000000000000003 x25=0x0000000000000000 x26=0x000000000003d090 x27=0x0000000000000000
x28=0x0000000102fb6000  fp=0x000000016dd9ac40  lr=0x0000000102af89b4  sp=0x000000016dd9ac30
pc=0x0000000102af8fd0 cpsr=0x0000000060001000
Top of Stack: (sp=0x000000016dd9ac30)
0x000000016dd9ac30:   000000016dd9ad38 0000600000a14000
0x000000016dd9ac40:   000000016dd9acd0 0000000102af89b4
0x000000016dd9ac50:   000000016dd9ad78 000000016dd9af48
0x000000016dd9ac60:   000000016dd9ad40 000000016dd9ad18
0x000000016dd9ac70:   000000016dd9acd0 184c800102af81e4
0x000000016dd9ac80:   0000600001f32400 0000000000000020
0x000000016dd9ac90:   000000016dd9acb0 0000600000a14000
0x000000016dd9aca0:   0000000000000000 0000000000000000
0x000000016dd9acb0:   000000016dd9ad78 000000016dd9af48
0x000000016dd9acc0:   000000016dd9ad40 000000016dd9ad38
0x000000016dd9acd0:   000000016dd9ae90 0000000102af850c
0x000000016dd9ace0:   000000016dd9ad78 000000016dd9ae18
0x000000016dd9acf0:   000000016dd9ad58 0000000000000000
0x000000016dd9ad00:   0000000000000000 00000001033c0000
0x000000016dd9ad10:   0000000000000000 000000000003d090
0x000000016dd9ad20:   000000016dd9ad80 1d7200018a36d3a4
0x000000016dd9ad30:   0000000000000000 0000000000000002
0x000000016dd9ad40:   0000600001f97ca0 0000600001f97fa0
0x000000016dd9ad50:   000000000000000e 0000000000000000
0x000000016dd9ad60:   0000000000000000 00000001e37ac000
0x000000016dd9ad70:   36782605cae30063 0000000000000000
0x000000016dd9ad80:   0000000000000000 36782605cae30063
0x000000016dd9ad90:   0000000000000003 0000000000000000
0x000000016dd9ada0:   0000000000000000 0000000000000003
0x000000016dd9adb0:   0000000000000000 0000000000000000
0x000000016dd9adc0:   0000000000000000 000060000241b260
0x000000016dd9add0:   0000600002301b10 0000000000000000
0x000000016dd9ade0:   000000016dd9ae90 713200018a622724
0x000000016dd9adf0:   00000001e3e98000 0000000000000000
0x000000016dd9ae00:   000000016dd9ae30 7b3480018a5a54f0
0x000000016dd9ae10:   000000018a6557ac 0000600001291830
0x000000016dd9ae20:   0000000000000024 8000000000000030 

Instructions: (pc=0x0000000102af8fd0)
0x0000000102af8ed0:   d10103ff a9024ff4 a9037bfd 9100c3fd
0x0000000102af8ee0:   aa0003f3 f90003ff f9400028 b40001e8
0x0000000102af8ef0:   f90003e8 37000128 927ff908 f9400108
0x0000000102af8f00:   91002020 910003e9 91002121 52800002
0x0000000102af8f10:   d63f0100 14000005 3cc08020 f9400c28
0x0000000102af8f20:   f9000fe8 3c8083e0 910003e0 aa1303e1
0x0000000102af8f30:   97e97de0 f94003e8 b4000168 37000128
0x0000000102af8f40:   927ff908 f9400108 b40000c8 910003e9
0x0000000102af8f50:   91002120 aa0003e1 52800042 d63f0100
0x0000000102af8f60:   f90003ff aa1303e0 a9437bfd a9424ff4
0x0000000102af8f70:   910103ff d65f03c0 97de8495 aa0003f3
0x0000000102af8f80:   f94003e8 b4000168 37000128 927ff908
0x0000000102af8f90:   f9400108 b40000c8 910003e9 91002120
0x0000000102af8fa0:   aa0003e1 52800042 d63f0100 f90003ff
0x0000000102af8fb0:   aa1303e0 9408e3e0 d4200020 97de8484
0x0000000102af8fc0:   a9be4ff4 a9017bfd 910043fd aa0003f3
0x0000000102af8fd0:   39c3dc08 36f80068 f9407260 9408e62b
0x0000000102af8fe0:   91010260 97e5d872 f9401268 b4000148
0x0000000102af8ff0:   37000108 927ff908 f9400108 b40000a8
0x0000000102af9000:   9100a260 aa0003e1 52800042 d63f0100
0x0000000102af9010:   f900127f f9400a73 b40000b3 91002268
0x0000000102af9020:   92800009 f8e90108 b4000088 a9417bfd
0x0000000102af9030:   a8c24ff4 d65f03c0 f9400268 f9400908
0x0000000102af9040:   aa1303e0 d63f0100 aa1303e0 a9417bfd
0x0000000102af9050:   a8c24ff4 1408e574 97de845d d10203ff
0x0000000102af9060:   a90557f6 a9064ff4 a9077bfd 9101c3fd
0x0000000102af9070:   aa0103f5 aa0003f3 f9400414 aa1403e0
0x0000000102af9080:   97decc91 a942a668 eb08012a d37ced4a
0x0000000102af9090:   d100054a 9a8a03eb a944326a 8b0a018a
0x0000000102af90a0:   eb0a017f 540000c1 91008260 94000186
0x0000000102af90b0:   a9442a6b a942a668 8b0a016a eb08013f
0x0000000102af90c0:   540000e0 d344fd49 927de129 f8696908 



---------------  P R O C E S S  ---------------

VM state: not at safepoint (normal execution)

VM Mutex/Monitor currently owned by a thread: None

Heap address: 0x0000000790000000, size: 768 MB, Compressed Oops mode: Zero based, Oop shift amount: 3

Compressed class space mapped at: 0x0000000300000000-0x0000000340000000, reserved size: 1073741824
Narrow klass base: 0x0000000000000000, Narrow klass shift: 3, Narrow klass range: 0x340000000

GC Precious Log:
<Skipped>

Heap:
 garbage-first heap   total 262144K, used 1497K [0x0000000790000000, 0x00000007c0000000)
  region size 1024K, 2 young (2048K), 0 survivors (0K)
 Metaspace       used 3748K, committed 3904K, reserved 1056768K
  class space    used 307K, committed 384K, reserved 1048576K

Heap Regions: E=young(eden), S=young(survivor), O=old, HS=humongous(starts), HC=humongous(continues), CS=collection set, F=free, OA=open archive, CA=closed archive, TAMS=top-at-mark-start (previous, next)
|   0|0x0000000790000000, 0x0000000790000000, 0x0000000790100000|  0%| F|  |TAMS 0x0000000790000000, 0x0000000790000000| Untracked 
|   1|0x0000000790100000, 0x0000000790100000, 0x0000000790200000|  0%| F|  |TAMS 0x0000000790100000, 0x0000000790100000| Untracked 
|   2|0x0000000790200000, 0x0000000790200000, 0x0000000790300000|  0%| F|  |TAMS 0x0000000790200000, 0x0000000790200000| Untracked 
|   3|0x0000000790300000, 0x0000000790300000, 0x0000000790400000|  0%| F|  |TAMS 0x0000000790300000, 0x0000000790300000| Untracked 
|   4|0x0000000790400000, 0x0000000790400000, 0x0000000790500000|  0%| F|  |TAMS 0x0000000790400000, 0x0000000790400000| Untracked 
|   5|0x0000000790500000, 0x0000000790500000, 0x0000000790600000|  0%| F|  |TAMS 0x0000000790500000, 0x0000000790500000| Untracked 
|   6|0x0000000790600000, 0x0000000790600000, 0x0000000790700000|  0%| F|  |TAMS 0x0000000790600000, 0x0000000790600000| Untracked 
|   7|0x0000000790700000, 0x0000000790700000, 0x0000000790800000|  0%| F|  |TAMS 0x0000000790700000, 0x0000000790700000| Untracked 
|   8|0x0000000790800000, 0x0000000790800000, 0x0000000790900000|  0%| F|  |TAMS 0x0000000790800000, 0x0000000790800000| Untracked 
|   9|0x0000000790900000, 0x0000000790900000, 0x0000000790a00000|  0%| F|  |TAMS 0x0000000790900000, 0x0000000790900000| Untracked 
|  10|0x0000000790a00000, 0x0000000790a00000, 0x0000000790b00000|  0%| F|  |TAMS 0x0000000790a00000, 0x0000000790a00000| Untracked 
|  11|0x0000000790b00000, 0x0000000790b00000, 0x0000000790c00000|  0%| F|  |TAMS 0x0000000790b00000, 0x0000000790b00000| Untracked 
|  12|0x0000000790c00000, 0x0000000790c00000, 0x0000000790d00000|  0%| F|  |TAMS 0x0000000790c00000, 0x0000000790c00000| Untracked 
|  13|0x0000000790d00000, 0x0000000790d00000, 0x0000000790e00000|  0%| F|  |TAMS 0x0000000790d00000, 0x0000000790d00000| Untracked 
|  14|0x0000000790e00000, 0x0000000790e00000, 0x0000000790f00000|  0%| F|  |TAMS 0x0000000790e00000, 0x0000000790e00000| Untracked 
|  15|0x0000000790f00000, 0x0000000790f00000, 0x0000000791000000|  0%| F|  |TAMS 0x0000000790f00000, 0x0000000790f00000| Untracked 
|  16|0x0000000791000000, 0x0000000791000000, 0x0000000791100000|  0%| F|  |TAMS 0x0000000791000000, 0x0000000791000000| Untracked 
|  17|0x0000000791100000, 0x0000000791100000, 0x0000000791200000|  0%| F|  |TAMS 0x0000000791100000, 0x0000000791100000| Untracked 
|  18|0x0000000791200000, 0x0000000791200000, 0x0000000791300000|  0%| F|  |TAMS 0x0000000791200000, 0x0000000791200000| Untracked 
|  19|0x0000000791300000, 0x0000000791300000, 0x0000000791400000|  0%| F|  |TAMS 0x0000000791300000, 0x0000000791300000| Untracked 
|  20|0x0000000791400000, 0x0000000791400000, 0x0000000791500000|  0%| F|  |TAMS 0x0000000791400000, 0x0000000791400000| Untracked 
|  21|0x0000000791500000, 0x0000000791500000, 0x0000000791600000|  0%| F|  |TAMS 0x0000000791500000, 0x0000000791500000| Untracked 
|  22|0x0000000791600000, 0x0000000791600000, 0x0000000791700000|  0%| F|  |TAMS 0x0000000791600000, 0x0000000791600000| Untracked 
|  23|0x0000000791700000, 0x0000000791700000, 0x0000000791800000|  0%| F|  |TAMS 0x0000000791700000, 0x0000000791700000| Untracked 
|  24|0x0000000791800000, 0x0000000791800000, 0x0000000791900000|  0%| F|  |TAMS 0x0000000791800000, 0x0000000791800000| Untracked 
|  25|0x0000000791900000, 0x0000000791900000, 0x0000000791a00000|  0%| F|  |TAMS 0x0000000791900000, 0x0000000791900000| Untracked 
|  26|0x0000000791a00000, 0x0000000791a00000, 0x0000000791b00000|  0%| F|  |TAMS 0x0000000791a00000, 0x0000000791a00000| Untracked 
|  27|0x0000000791b00000, 0x0000000791b00000, 0x0000000791c00000|  0%| F|  |TAMS 0x0000000791b00000, 0x0000000791b00000| Untracked 
|  28|0x0000000791c00000, 0x0000000791c00000, 0x0000000791d00000|  0%| F|  |TAMS 0x0000000791c00000, 0x0000000791c00000| Untracked 
|  29|0x0000000791d00000, 0x0000000791d00000, 0x0000000791e00000|  0%| F|  |TAMS 0x0000000791d00000, 0x0000000791d00000| Untracked 
|  30|0x0000000791e00000, 0x0000000791e00000, 0x0000000791f00000|  0%| F|  |TAMS 0x0000000791e00000, 0x0000000791e00000| Untracked 
|  31|0x0000000791f00000, 0x0000000791f00000, 0x0000000792000000|  0%| F|  |TAMS 0x0000000791f00000, 0x0000000791f00000| Untracked 
|  32|0x0000000792000000, 0x0000000792000000, 0x0000000792100000|  0%| F|  |TAMS 0x0000000792000000, 0x0000000792000000| Untracked 
|  33|0x0000000792100000, 0x0000000792100000, 0x0000000792200000|  0%| F|  |TAMS 0x0000000792100000, 0x0000000792100000| Untracked 
|  34|0x0000000792200000, 0x0000000792200000, 0x0000000792300000|  0%| F|  |TAMS 0x0000000792200000, 0x0000000792200000| Untracked 
|  35|0x0000000792300000, 0x0000000792300000, 0x0000000792400000|  0%| F|  |TAMS 0x0000000792300000, 0x0000000792300000| Untracked 
|  36|0x0000000792400000, 0x0000000792400000, 0x0000000792500000|  0%| F|  |TAMS 0x0000000792400000, 0x0000000792400000| Untracked 
|  37|0x0000000792500000, 0x0000000792500000, 0x0000000792600000|  0%| F|  |TAMS 0x0000000792500000, 0x0000000792500000| Untracked 
|  38|0x0000000792600000, 0x0000000792600000, 0x0000000792700000|  0%| F|  |TAMS 0x0000000792600000, 0x0000000792600000| Untracked 
|  39|0x0000000792700000, 0x0000000792700000, 0x0000000792800000|  0%| F|  |TAMS 0x0000000792700000, 0x0000000792700000| Untracked 
|  40|0x0000000792800000, 0x0000000792800000, 0x0000000792900000|  0%| F|  |TAMS 0x0000000792800000, 0x0000000792800000| Untracked 
|  41|0x0000000792900000, 0x0000000792900000, 0x0000000792a00000|  0%| F|  |TAMS 0x0000000792900000, 0x0000000792900000| Untracked 
|  42|0x0000000792a00000, 0x0000000792a00000, 0x0000000792b00000|  0%| F|  |TAMS 0x0000000792a00000, 0x0000000792a00000| Untracked 
|  43|0x0000000792b00000, 0x0000000792b00000, 0x0000000792c00000|  0%| F|  |TAMS 0x0000000792b00000, 0x0000000792b00000| Untracked 
|  44|0x0000000792c00000, 0x0000000792c00000, 0x0000000792d00000|  0%| F|  |TAMS 0x0000000792c00000, 0x0000000792c00000| Untracked 
|  45|0x0000000792d00000, 0x0000000792d00000, 0x0000000792e00000|  0%| F|  |TAMS 0x0000000792d00000, 0x0000000792d00000| Untracked 
|  46|0x0000000792e00000, 0x0000000792e00000, 0x0000000792f00000|  0%| F|  |TAMS 0x0000000792e00000, 0x0000000792e00000| Untracked 
|  47|0x0000000792f00000, 0x0000000792f00000, 0x0000000793000000|  0%| F|  |TAMS 0x0000000792f00000, 0x0000000792f00000| Untracked 
|  48|0x0000000793000000, 0x0000000793000000, 0x0000000793100000|  0%| F|  |TAMS 0x0000000793000000, 0x0000000793000000| Untracked 
|  49|0x0000000793100000, 0x0000000793100000, 0x0000000793200000|  0%| F|  |TAMS 0x0000000793100000, 0x0000000793100000| Untracked 
|  50|0x0000000793200000, 0x0000000793200000, 0x0000000793300000|  0%| F|  |TAMS 0x0000000793200000, 0x0000000793200000| Untracked 
|  51|0x0000000793300000, 0x0000000793300000, 0x0000000793400000|  0%| F|  |TAMS 0x0000000793300000, 0x0000000793300000| Untracked 
|  52|0x0000000793400000, 0x0000000793400000, 0x0000000793500000|  0%| F|  |TAMS 0x0000000793400000, 0x0000000793400000| Untracked 
|  53|0x0000000793500000, 0x0000000793500000, 0x0000000793600000|  0%| F|  |TAMS 0x0000000793500000, 0x0000000793500000| Untracked 
|  54|0x0000000793600000, 0x0000000793600000, 0x0000000793700000|  0%| F|  |TAMS 0x0000000793600000, 0x0000000793600000| Untracked 
|  55|0x0000000793700000, 0x0000000793700000, 0x0000000793800000|  0%| F|  |TAMS 0x0000000793700000, 0x0000000793700000| Untracked 
|  56|0x0000000793800000, 0x0000000793800000, 0x0000000793900000|  0%| F|  |TAMS 0x0000000793800000, 0x0000000793800000| Untracked 
|  57|0x0000000793900000, 0x0000000793900000, 0x0000000793a00000|  0%| F|  |TAMS 0x0000000793900000, 0x0000000793900000| Untracked 
|  58|0x0000000793a00000, 0x0000000793a00000, 0x0000000793b00000|  0%| F|  |TAMS 0x0000000793a00000, 0x0000000793a00000| Untracked 
|  59|0x0000000793b00000, 0x0000000793b00000, 0x0000000793c00000|  0%| F|  |TAMS 0x0000000793b00000, 0x0000000793b00000| Untracked 
|  60|0x0000000793c00000, 0x0000000793c00000, 0x0000000793d00000|  0%| F|  |TAMS 0x0000000793c00000, 0x0000000793c00000| Untracked 
|  61|0x0000000793d00000, 0x0000000793d00000, 0x0000000793e00000|  0%| F|  |TAMS 0x0000000793d00000, 0x0000000793d00000| Untracked 
|  62|0x0000000793e00000, 0x0000000793e00000, 0x0000000793f00000|  0%| F|  |TAMS 0x0000000793e00000, 0x0000000793e00000| Untracked 
|  63|0x0000000793f00000, 0x0000000793f00000, 0x0000000794000000|  0%| F|  |TAMS 0x0000000793f00000, 0x0000000793f00000| Untracked 
|  64|0x0000000794000000, 0x0000000794000000, 0x0000000794100000|  0%| F|  |TAMS 0x0000000794000000, 0x0000000794000000| Untracked 
|  65|0x0000000794100000, 0x0000000794100000, 0x0000000794200000|  0%| F|  |TAMS 0x0000000794100000, 0x0000000794100000| Untracked 
|  66|0x0000000794200000, 0x0000000794200000, 0x0000000794300000|  0%| F|  |TAMS 0x0000000794200000, 0x0000000794200000| Untracked 
|  67|0x0000000794300000, 0x0000000794300000, 0x0000000794400000|  0%| F|  |TAMS 0x0000000794300000, 0x0000000794300000| Untracked 
|  68|0x0000000794400000, 0x0000000794400000, 0x0000000794500000|  0%| F|  |TAMS 0x0000000794400000, 0x0000000794400000| Untracked 
|  69|0x0000000794500000, 0x0000000794500000, 0x0000000794600000|  0%| F|  |TAMS 0x0000000794500000, 0x0000000794500000| Untracked 
|  70|0x0000000794600000, 0x0000000794600000, 0x0000000794700000|  0%| F|  |TAMS 0x0000000794600000, 0x0000000794600000| Untracked 
|  71|0x0000000794700000, 0x0000000794700000, 0x0000000794800000|  0%| F|  |TAMS 0x0000000794700000, 0x0000000794700000| Untracked 
|  72|0x0000000794800000, 0x0000000794800000, 0x0000000794900000|  0%| F|  |TAMS 0x0000000794800000, 0x0000000794800000| Untracked 
|  73|0x0000000794900000, 0x0000000794900000, 0x0000000794a00000|  0%| F|  |TAMS 0x0000000794900000, 0x0000000794900000| Untracked 
|  74|0x0000000794a00000, 0x0000000794a00000, 0x0000000794b00000|  0%| F|  |TAMS 0x0000000794a00000, 0x0000000794a00000| Untracked 
|  75|0x0000000794b00000, 0x0000000794b00000, 0x0000000794c00000|  0%| F|  |TAMS 0x0000000794b00000, 0x0000000794b00000| Untracked 
|  76|0x0000000794c00000, 0x0000000794c00000, 0x0000000794d00000|  0%| F|  |TAMS 0x0000000794c00000, 0x0000000794c00000| Untracked 
|  77|0x0000000794d00000, 0x0000000794d00000, 0x0000000794e00000|  0%| F|  |TAMS 0x0000000794d00000, 0x0000000794d00000| Untracked 
|  78|0x0000000794e00000, 0x0000000794e00000, 0x0000000794f00000|  0%| F|  |TAMS 0x0000000794e00000, 0x0000000794e00000| Untracked 
|  79|0x0000000794f00000, 0x0000000794f00000, 0x0000000795000000|  0%| F|  |TAMS 0x0000000794f00000, 0x0000000794f00000| Untracked 
|  80|0x0000000795000000, 0x0000000795000000, 0x0000000795100000|  0%| F|  |TAMS 0x0000000795000000, 0x0000000795000000| Untracked 
|  81|0x0000000795100000, 0x0000000795100000, 0x0000000795200000|  0%| F|  |TAMS 0x0000000795100000, 0x0000000795100000| Untracked 
|  82|0x0000000795200000, 0x0000000795200000, 0x0000000795300000|  0%| F|  |TAMS 0x0000000795200000, 0x0000000795200000| Untracked 
|  83|0x0000000795300000, 0x0000000795300000, 0x0000000795400000|  0%| F|  |TAMS 0x0000000795300000, 0x0000000795300000| Untracked 
|  84|0x0000000795400000, 0x0000000795400000, 0x0000000795500000|  0%| F|  |TAMS 0x0000000795400000, 0x0000000795400000| Untracked 
|  85|0x0000000795500000, 0x0000000795500000, 0x0000000795600000|  0%| F|  |TAMS 0x0000000795500000, 0x0000000795500000| Untracked 
|  86|0x0000000795600000, 0x0000000795600000, 0x0000000795700000|  0%| F|  |TAMS 0x0000000795600000, 0x0000000795600000| Untracked 
|  87|0x0000000795700000, 0x0000000795700000, 0x0000000795800000|  0%| F|  |TAMS 0x0000000795700000, 0x0000000795700000| Untracked 
|  88|0x0000000795800000, 0x0000000795800000, 0x0000000795900000|  0%| F|  |TAMS 0x0000000795800000, 0x0000000795800000| Untracked 
|  89|0x0000000795900000, 0x0000000795900000, 0x0000000795a00000|  0%| F|  |TAMS 0x0000000795900000, 0x0000000795900000| Untracked 
|  90|0x0000000795a00000, 0x0000000795a00000, 0x0000000795b00000|  0%| F|  |TAMS 0x0000000795a00000, 0x0000000795a00000| Untracked 
|  91|0x0000000795b00000, 0x0000000795b00000, 0x0000000795c00000|  0%| F|  |TAMS 0x0000000795b00000, 0x0000000795b00000| Untracked 
|  92|0x0000000795c00000, 0x0000000795c00000, 0x0000000795d00000|  0%| F|  |TAMS 0x0000000795c00000, 0x0000000795c00000| Untracked 
|  93|0x0000000795d00000, 0x0000000795d00000, 0x0000000795e00000|  0%| F|  |TAMS 0x0000000795d00000, 0x0000000795d00000| Untracked 
|  94|0x0000000795e00000, 0x0000000795e00000, 0x0000000795f00000|  0%| F|  |TAMS 0x0000000795e00000, 0x0000000795e00000| Untracked 
|  95|0x0000000795f00000, 0x0000000795f00000, 0x0000000796000000|  0%| F|  |TAMS 0x0000000795f00000, 0x0000000795f00000| Untracked 
|  96|0x0000000796000000, 0x0000000796000000, 0x0000000796100000|  0%| F|  |TAMS 0x0000000796000000, 0x0000000796000000| Untracked 
|  97|0x0000000796100000, 0x0000000796100000, 0x0000000796200000|  0%| F|  |TAMS 0x0000000796100000, 0x0000000796100000| Untracked 
|  98|0x0000000796200000, 0x0000000796200000, 0x0000000796300000|  0%| F|  |TAMS 0x0000000796200000, 0x0000000796200000| Untracked 
|  99|0x0000000796300000, 0x0000000796300000, 0x0000000796400000|  0%| F|  |TAMS 0x0000000796300000, 0x0000000796300000| Untracked 
| 100|0x0000000796400000, 0x0000000796400000, 0x0000000796500000|  0%| F|  |TAMS 0x0000000796400000, 0x0000000796400000| Untracked 
| 101|0x0000000796500000, 0x0000000796500000, 0x0000000796600000|  0%| F|  |TAMS 0x0000000796500000, 0x0000000796500000| Untracked 
| 102|0x0000000796600000, 0x0000000796600000, 0x0000000796700000|  0%| F|  |TAMS 0x0000000796600000, 0x0000000796600000| Untracked 
| 103|0x0000000796700000, 0x0000000796700000, 0x0000000796800000|  0%| F|  |TAMS 0x0000000796700000, 0x0000000796700000| Untracked 
| 104|0x0000000796800000, 0x0000000796800000, 0x0000000796900000|  0%| F|  |TAMS 0x0000000796800000, 0x0000000796800000| Untracked 
| 105|0x0000000796900000, 0x0000000796900000, 0x0000000796a00000|  0%| F|  |TAMS 0x0000000796900000, 0x0000000796900000| Untracked 
| 106|0x0000000796a00000, 0x0000000796a00000, 0x0000000796b00000|  0%| F|  |TAMS 0x0000000796a00000, 0x0000000796a00000| Untracked 
| 107|0x0000000796b00000, 0x0000000796b00000, 0x0000000796c00000|  0%| F|  |TAMS 0x0000000796b00000, 0x0000000796b00000| Untracked 
| 108|0x0000000796c00000, 0x0000000796c00000, 0x0000000796d00000|  0%| F|  |TAMS 0x0000000796c00000, 0x0000000796c00000| Untracked 
| 109|0x0000000796d00000, 0x0000000796d00000, 0x0000000796e00000|  0%| F|  |TAMS 0x0000000796d00000, 0x0000000796d00000| Untracked 
| 110|0x0000000796e00000, 0x0000000796e00000, 0x0000000796f00000|  0%| F|  |TAMS 0x0000000796e00000, 0x0000000796e00000| Untracked 
| 111|0x0000000796f00000, 0x0000000796f00000, 0x0000000797000000|  0%| F|  |TAMS 0x0000000796f00000, 0x0000000796f00000| Untracked 
| 112|0x0000000797000000, 0x0000000797000000, 0x0000000797100000|  0%| F|  |TAMS 0x0000000797000000, 0x0000000797000000| Untracked 
| 113|0x0000000797100000, 0x0000000797100000, 0x0000000797200000|  0%| F|  |TAMS 0x0000000797100000, 0x0000000797100000| Untracked 
| 114|0x0000000797200000, 0x0000000797200000, 0x0000000797300000|  0%| F|  |TAMS 0x0000000797200000, 0x0000000797200000| Untracked 
| 115|0x0000000797300000, 0x0000000797300000, 0x0000000797400000|  0%| F|  |TAMS 0x0000000797300000, 0x0000000797300000| Untracked 
| 116|0x0000000797400000, 0x0000000797400000, 0x0000000797500000|  0%| F|  |TAMS 0x0000000797400000, 0x0000000797400000| Untracked 
| 117|0x0000000797500000, 0x0000000797500000, 0x0000000797600000|  0%| F|  |TAMS 0x0000000797500000, 0x0000000797500000| Untracked 
| 118|0x0000000797600000, 0x0000000797600000, 0x0000000797700000|  0%| F|  |TAMS 0x0000000797600000, 0x0000000797600000| Untracked 
| 119|0x0000000797700000, 0x0000000797700000, 0x0000000797800000|  0%| F|  |TAMS 0x0000000797700000, 0x0000000797700000| Untracked 
| 120|0x0000000797800000, 0x0000000797800000, 0x0000000797900000|  0%| F|  |TAMS 0x0000000797800000, 0x0000000797800000| Untracked 
| 121|0x0000000797900000, 0x0000000797900000, 0x0000000797a00000|  0%| F|  |TAMS 0x0000000797900000, 0x0000000797900000| Untracked 
| 122|0x0000000797a00000, 0x0000000797a00000, 0x0000000797b00000|  0%| F|  |TAMS 0x0000000797a00000, 0x0000000797a00000| Untracked 
| 123|0x0000000797b00000, 0x0000000797b00000, 0x0000000797c00000|  0%| F|  |TAMS 0x0000000797b00000, 0x0000000797b00000| Untracked 
| 124|0x0000000797c00000, 0x0000000797c00000, 0x0000000797d00000|  0%| F|  |TAMS 0x0000000797c00000, 0x0000000797c00000| Untracked 
| 125|0x0000000797d00000, 0x0000000797d00000, 0x0000000797e00000|  0%| F|  |TAMS 0x0000000797d00000, 0x0000000797d00000| Untracked 
| 126|0x0000000797e00000, 0x0000000797e00000, 0x0000000797f00000|  0%| F|  |TAMS 0x0000000797e00000, 0x0000000797e00000| Untracked 
| 127|0x0000000797f00000, 0x0000000797f00000, 0x0000000798000000|  0%| F|  |TAMS 0x0000000797f00000, 0x0000000797f00000| Untracked 
| 128|0x0000000798000000, 0x0000000798000000, 0x0000000798100000|  0%| F|  |TAMS 0x0000000798000000, 0x0000000798000000| Untracked 
| 129|0x0000000798100000, 0x0000000798100000, 0x0000000798200000|  0%| F|  |TAMS 0x0000000798100000, 0x0000000798100000| Untracked 
| 130|0x0000000798200000, 0x0000000798200000, 0x0000000798300000|  0%| F|  |TAMS 0x0000000798200000, 0x0000000798200000| Untracked 
| 131|0x0000000798300000, 0x0000000798300000, 0x0000000798400000|  0%| F|  |TAMS 0x0000000798300000, 0x0000000798300000| Untracked 
| 132|0x0000000798400000, 0x0000000798400000, 0x0000000798500000|  0%| F|  |TAMS 0x0000000798400000, 0x0000000798400000| Untracked 
| 133|0x0000000798500000, 0x0000000798500000, 0x0000000798600000|  0%| F|  |TAMS 0x0000000798500000, 0x0000000798500000| Untracked 
| 134|0x0000000798600000, 0x0000000798600000, 0x0000000798700000|  0%| F|  |TAMS 0x0000000798600000, 0x0000000798600000| Untracked 
| 135|0x0000000798700000, 0x0000000798700000, 0x0000000798800000|  0%| F|  |TAMS 0x0000000798700000, 0x0000000798700000| Untracked 
| 136|0x0000000798800000, 0x0000000798800000, 0x0000000798900000|  0%| F|  |TAMS 0x0000000798800000, 0x0000000798800000| Untracked 
| 137|0x0000000798900000, 0x0000000798900000, 0x0000000798a00000|  0%| F|  |TAMS 0x0000000798900000, 0x0000000798900000| Untracked 
| 138|0x0000000798a00000, 0x0000000798a00000, 0x0000000798b00000|  0%| F|  |TAMS 0x0000000798a00000, 0x0000000798a00000| Untracked 
| 139|0x0000000798b00000, 0x0000000798b00000, 0x0000000798c00000|  0%| F|  |TAMS 0x0000000798b00000, 0x0000000798b00000| Untracked 
| 140|0x0000000798c00000, 0x0000000798c00000, 0x0000000798d00000|  0%| F|  |TAMS 0x0000000798c00000, 0x0000000798c00000| Untracked 
| 141|0x0000000798d00000, 0x0000000798d00000, 0x0000000798e00000|  0%| F|  |TAMS 0x0000000798d00000, 0x0000000798d00000| Untracked 
| 142|0x0000000798e00000, 0x0000000798e00000, 0x0000000798f00000|  0%| F|  |TAMS 0x0000000798e00000, 0x0000000798e00000| Untracked 
| 143|0x0000000798f00000, 0x0000000798f00000, 0x0000000799000000|  0%| F|  |TAMS 0x0000000798f00000, 0x0000000798f00000| Untracked 
| 144|0x0000000799000000, 0x0000000799000000, 0x0000000799100000|  0%| F|  |TAMS 0x0000000799000000, 0x0000000799000000| Untracked 
| 145|0x0000000799100000, 0x0000000799100000, 0x0000000799200000|  0%| F|  |TAMS 0x0000000799100000, 0x0000000799100000| Untracked 
| 146|0x0000000799200000, 0x0000000799200000, 0x0000000799300000|  0%| F|  |TAMS 0x0000000799200000, 0x0000000799200000| Untracked 
| 147|0x0000000799300000, 0x0000000799300000, 0x0000000799400000|  0%| F|  |TAMS 0x0000000799300000, 0x0000000799300000| Untracked 
| 148|0x0000000799400000, 0x0000000799400000, 0x0000000799500000|  0%| F|  |TAMS 0x0000000799400000, 0x0000000799400000| Untracked 
| 149|0x0000000799500000, 0x0000000799500000, 0x0000000799600000|  0%| F|  |TAMS 0x0000000799500000, 0x0000000799500000| Untracked 
| 150|0x0000000799600000, 0x0000000799600000, 0x0000000799700000|  0%| F|  |TAMS 0x0000000799600000, 0x0000000799600000| Untracked 
| 151|0x0000000799700000, 0x0000000799700000, 0x0000000799800000|  0%| F|  